<?xml version="1.0" encoding="UTF-8"?>
<testsuite name="net.opentsdb.core.TestTsdbQuery" time="125.719" tests="96" errors="0" skipped="0" failures="0">
  <properties>
[...]
</properties>
  <testcase name="runRateCounterDefaultNoOp" classname="net.opentsdb.core.TestTsdbQuery" time="1.856"/>
  <testcase name="runRateCounterMaxSet" classname="net.opentsdb.core.TestTsdbQuery" time="0.388"/>
  <testcase name="runRateCounterAnomally" classname="net.opentsdb.core.TestTsdbQuery" time="0.316"/>
  <testcase name="runMultiCompact" classname="net.opentsdb.core.TestTsdbQuery" time="0.181"/>
  <testcase name="runMultiCompactAndSingles" classname="net.opentsdb.core.TestTsdbQuery" time="0.158"/>
  <testcase name="runInterpolationSeconds" classname="net.opentsdb.core.TestTsdbQuery" time="3.049"/>
  <testcase name="runInterpolationMs" classname="net.opentsdb.core.TestTsdbQuery" time="2.443"/>
  <testcase name="runInterpolationMsDownsampled" classname="net.opentsdb.core.TestTsdbQuery" time="1.373"/>
  <testcase name="runZimSum" classname="net.opentsdb.core.TestTsdbQuery" time="2.239"/>
  <testcase name="runZimSumFloat" classname="net.opentsdb.core.TestTsdbQuery" time="2.15"/>
  <testcase name="runZimSumOffset" classname="net.opentsdb.core.TestTsdbQuery" time="1.904"/>
  <testcase name="runZimSumFloatOffset" classname="net.opentsdb.core.TestTsdbQuery" time="2.477"/>
  <testcase name="runMin" classname="net.opentsdb.core.TestTsdbQuery" time="1.734"/>
  <testcase name="runMinFloat" classname="net.opentsdb.core.TestTsdbQuery" time="1.793"/>
  <testcase name="runMinOffset" classname="net.opentsdb.core.TestTsdbQuery" time="1.932"/>
  <testcase name="runMinFloatOffset" classname="net.opentsdb.core.TestTsdbQuery" time="2.306"/>
  <testcase name="runMax" classname="net.opentsdb.core.TestTsdbQuery" time="1.696"/>
  <testcase name="runMaxFloat" classname="net.opentsdb.core.TestTsdbQuery" time="1.807"/>
  <testcase name="runMaxOffset" classname="net.opentsdb.core.TestTsdbQuery" time="1.637"/>
  <testcase name="runMaxFloatOffset" classname="net.opentsdb.core.TestTsdbQuery" time="2.881"/>
  <testcase name="runAvg" classname="net.opentsdb.core.TestTsdbQuery" time="1.689"/>
  <testcase name="runAvgFloat" classname="net.opentsdb.core.TestTsdbQuery" time="1.845"/>
  <testcase name="runAvgOffset" classname="net.opentsdb.core.TestTsdbQuery" time="2.458"/>
  <testcase name="runAvgFloatOffset" classname="net.opentsdb.core.TestTsdbQuery" time="1.535"/>
  <testcase name="runDev" classname="net.opentsdb.core.TestTsdbQuery" time="2.197"/>
  <testcase name="runDevFloat" classname="net.opentsdb.core.TestTsdbQuery" time="1.61"/>
  <testcase name="runDevOffset" classname="net.opentsdb.core.TestTsdbQuery" time="1.52"/>
  <testcase name="runDevFloatOffset" classname="net.opentsdb.core.TestTsdbQuery" time="1.569"/>
  <testcase name="runMimMin" classname="net.opentsdb.core.TestTsdbQuery" time="1.478"/>
  <testcase name="runMimMinOffset" classname="net.opentsdb.core.TestTsdbQuery" time="1.912"/>
  <testcase name="runMimMinFloat" classname="net.opentsdb.core.TestTsdbQuery" time="1.979"/>
  <testcase name="runMimMinFloatOffset" classname="net.opentsdb.core.TestTsdbQuery" time="1.463"/>
  <testcase name="runMimMax" classname="net.opentsdb.core.TestTsdbQuery" time="1.397"/>
  <testcase name="runMimMaxFloat" classname="net.opentsdb.core.TestTsdbQuery" time="1.476"/>
  <testcase name="runMimMaxOffset" classname="net.opentsdb.core.TestTsdbQuery" time="1.455"/>
  <testcase name="runMimMaxFloatOffset" classname="net.opentsdb.core.TestTsdbQuery" time="1.496"/>
  <testcase name="setStartTimeZero" classname="net.opentsdb.core.TestTsdbQuery" time="0.092"/>
  <testcase name="setStartTimeInvalidNegative" classname="net.opentsdb.core.TestTsdbQuery" time="0.093"/>
  <testcase name="setStartTimeInvalidTooBig" classname="net.opentsdb.core.TestTsdbQuery" time="0.098"/>
  <testcase name="setStartTimeEqualtoEndTime" classname="net.opentsdb.core.TestTsdbQuery" time="0.095"/>
  <testcase name="setStartTime" classname="net.opentsdb.core.TestTsdbQuery" time="0.087"/>
  <testcase name="setStartTimeGreaterThanEndTime" classname="net.opentsdb.core.TestTsdbQuery" time="0.098"/>
  <testcase name="setEndTime" classname="net.opentsdb.core.TestTsdbQuery" time="0.093"/>
  <testcase name="getStartTimeNotSet" classname="net.opentsdb.core.TestTsdbQuery" time="0.088"/>
  <testcase name="setEndTimeInvalidNegative" classname="net.opentsdb.core.TestTsdbQuery" time="0.098"/>
  <testcase name="setEndTimeInvalidTooBig" classname="net.opentsdb.core.TestTsdbQuery" time="0.094"/>
  <testcase name="setEndTimeEqualtoEndTime" classname="net.opentsdb.core.TestTsdbQuery" time="0.09"/>
  <testcase name="setEndTimeGreaterThanEndTime" classname="net.opentsdb.core.TestTsdbQuery" time="0.1"/>
  <testcase name="getEndTimeNotSet" classname="net.opentsdb.core.TestTsdbQuery" time="0.275"/>
  <testcase name="setTimeSeries" classname="net.opentsdb.core.TestTsdbQuery" time="0.152"/>
  <testcase name="setTimeSeriesNullTags" classname="net.opentsdb.core.TestTsdbQuery" time="0.092"/>
  <testcase name="setTimeSeriesEmptyTags" classname="net.opentsdb.core.TestTsdbQuery" time="0.465"/>
  <testcase name="setTimeSeriesNosuchMetric" classname="net.opentsdb.core.TestTsdbQuery" time="0.195"/>
  <testcase name="setTimeSeriesNosuchTagk" classname="net.opentsdb.core.TestTsdbQuery" time="0.185"/>
  <testcase name="setTimeSeriesNosuchTagv" classname="net.opentsdb.core.TestTsdbQuery" time="0.196"/>
  <testcase name="setTimeSeriesTS" classname="net.opentsdb.core.TestTsdbQuery" time="0.188"/>
  <testcase name="setTimeSeriesTSNullList" classname="net.opentsdb.core.TestTsdbQuery" time="0.185"/>
  <testcase name="setTimeSeriesTSEmptyList" classname="net.opentsdb.core.TestTsdbQuery" time="0.258"/>
  <testcase name="setTimeSeriesTSDifferentMetrics" classname="net.opentsdb.core.TestTsdbQuery" time="0.297"/>
  <testcase name="runLongSingleTS" classname="net.opentsdb.core.TestTsdbQuery" time="2.259"/>
  <testcase name="runLongSingleTSMs" classname="net.opentsdb.core.TestTsdbQuery" time="2.023"/>
  <testcase name="runLongSingleTSNoData" classname="net.opentsdb.core.TestTsdbQuery" time="0.145"/>
  <testcase name="runLongTwoAggSum" classname="net.opentsdb.core.TestTsdbQuery" time="2.556"/>
  <testcase name="runLongTwoAggSumMs" classname="net.opentsdb.core.TestTsdbQuery" time="2.296"/>
  <testcase name="runLongTwoGroup" classname="net.opentsdb.core.TestTsdbQuery" time="2.436"/>
  <testcase name="runLongSingleTSRate" classname="net.opentsdb.core.TestTsdbQuery" time="2.245"/>
  <testcase name="runLongSingleTSRateMs" classname="net.opentsdb.core.TestTsdbQuery" time="2.085"/>
  <testcase name="runLongSingleTSCompacted" classname="net.opentsdb.core.TestTsdbQuery" time="0.266"/>
  <testcase name="runFloatSingleTS" classname="net.opentsdb.core.TestTsdbQuery" time="2.248"/>
  <testcase name="runFloatSingleTSMs" classname="net.opentsdb.core.TestTsdbQuery" time="2.239"/>
  <testcase name="runFloatTwoAggSum" classname="net.opentsdb.core.TestTsdbQuery" time="2.639"/>
  <testcase name="runFloatTwoAggSumMs" classname="net.opentsdb.core.TestTsdbQuery" time="3.548"/>
  <testcase name="runFloatTwoGroup" classname="net.opentsdb.core.TestTsdbQuery" time="4.31"/>
  <testcase name="runFloatSingleTSRate" classname="net.opentsdb.core.TestTsdbQuery" time="2.453"/>
  <testcase name="runFloatSingleTSRateMs" classname="net.opentsdb.core.TestTsdbQuery" time="2.276"/>
  <testcase name="runFloatSingleTSCompacted" classname="net.opentsdb.core.TestTsdbQuery" time="0.287"/>
  <testcase name="runMixedSingleTS" classname="net.opentsdb.core.TestTsdbQuery" time="0.794"/>
  <testcase name="runMixedSingleTSMsAndS" classname="net.opentsdb.core.TestTsdbQuery" time="0.746"/>
  <testcase name="runMixedSingleTSPostCompaction" classname="net.opentsdb.core.TestTsdbQuery" time="0.898"/>
  <testcase name="runMixedSingleTSCompacted" classname="net.opentsdb.core.TestTsdbQuery" time="0.278"/>
  <testcase name="runEndTime" classname="net.opentsdb.core.TestTsdbQuery" time="2.074"/>
  <testcase name="runCompactPostQuery" classname="net.opentsdb.core.TestTsdbQuery" time="2.327"/>
  <testcase name="runStartNotSet" classname="net.opentsdb.core.TestTsdbQuery" time="0.125"/>
  <testcase name="runFloatAndIntSameTS" classname="net.opentsdb.core.TestTsdbQuery" time="2.128"/>
  <testcase name="runWithAnnotation" classname="net.opentsdb.core.TestTsdbQuery" time="2.736"/>
  <testcase name="runWithAnnotationPostCompact" classname="net.opentsdb.core.TestTsdbQuery" time="2.36"/>
  <testcase name="runWithOnlyAnnotation" classname="net.opentsdb.core.TestTsdbQuery" time="2.263"/>
  <testcase name="runWithSingleAnnotation" classname="net.opentsdb.core.TestTsdbQuery" time="0.133"/>
  <testcase name="runSingleDataPoint" classname="net.opentsdb.core.TestTsdbQuery" time="0.158"/>
  <testcase name="runSingleDataPointWithAnnotation" classname="net.opentsdb.core.TestTsdbQuery" time="0.141"/>
  <testcase name="runTSUIDQuery" classname="net.opentsdb.core.TestTsdbQuery" time="2.108"/>
  <testcase name="runTSUIDsAggSum" classname="net.opentsdb.core.TestTsdbQuery" time="2.57"/>
  <testcase name="runTSUIDQueryNoData" classname="net.opentsdb.core.TestTsdbQuery" time="0.101"/>
  <testcase name="runTSUIDQueryNoDataForTSUID" classname="net.opentsdb.core.TestTsdbQuery" time="0.119"/>
  <testcase name="runTSUIDQueryNSU" classname="net.opentsdb.core.TestTsdbQuery" time="2.187"/>
  <testcase name="runRateCounterDefault" classname="net.opentsdb.core.TestTsdbQuery" time="0.149"/>
</testsuite>