<?xml version="1.0" encoding="UTF-8"?>
<testsuite name="net.opentsdb.tree.TestTree" time="3.244" tests="60" errors="0" skipped="0" failures="0">
  <properties>
[...]
</properties>
  <testcase name="deserialize" classname="net.opentsdb.tree.TestTree" time="0.998"/>
  <testcase name="addCollision" classname="net.opentsdb.tree.TestTree" time="0.022"/>
  <testcase name="addCollisionNull" classname="net.opentsdb.tree.TestTree" time="0.011"/>
  <testcase name="addCollisionEmpty" classname="net.opentsdb.tree.TestTree" time="0.012"/>
  <testcase name="addNoMatch" classname="net.opentsdb.tree.TestTree" time="0.011"/>
  <testcase name="addNoMatchNull" classname="net.opentsdb.tree.TestTree" time="0.012"/>
  <testcase name="addNoMatchEmpty" classname="net.opentsdb.tree.TestTree" time="0.023"/>
  <testcase name="storeTree" classname="net.opentsdb.tree.TestTree" time="0.729"/>
  <testcase name="copyChangesOverride" classname="net.opentsdb.tree.TestTree" time="0.009"/>
  <testcase name="serialize" classname="net.opentsdb.tree.TestTree" time="0.02"/>
  <testcase name="addRule" classname="net.opentsdb.tree.TestTree" time="0.007"/>
  <testcase name="addRuleLevel" classname="net.opentsdb.tree.TestTree" time="0.015"/>
  <testcase name="addRuleNull" classname="net.opentsdb.tree.TestTree" time="0.017"/>
  <testcase name="storeTreeNoChanges" classname="net.opentsdb.tree.TestTree" time="0.073"/>
  <testcase name="storeTreeTreeID0" classname="net.opentsdb.tree.TestTree" time="0.052"/>
  <testcase name="storeTreeTreeID655536" classname="net.opentsdb.tree.TestTree" time="0.021"/>
  <testcase name="flushCollisions" classname="net.opentsdb.tree.TestTree" time="0.024"/>
  <testcase name="flushCollisionsDisabled" classname="net.opentsdb.tree.TestTree" time="0.037"/>
  <testcase name="flushCollisionsWCollisionExisting" classname="net.opentsdb.tree.TestTree" time="0.018"/>
  <testcase name="flushNotMatched" classname="net.opentsdb.tree.TestTree" time="0.037"/>
  <testcase name="flushNotMatchedDisabled" classname="net.opentsdb.tree.TestTree" time="0.023"/>
  <testcase name="flushNotMatchedWNotMatchedExisting" classname="net.opentsdb.tree.TestTree" time="0.023"/>
  <testcase name="copyChangesNone" classname="net.opentsdb.tree.TestTree" time="0.009"/>
  <testcase name="copyChanges" classname="net.opentsdb.tree.TestTree" time="0.028"/>
  <testcase name="getRule" classname="net.opentsdb.tree.TestTree" time="0.016"/>
  <testcase name="getRuleNullSet" classname="net.opentsdb.tree.TestTree" time="0.019"/>
  <testcase name="getRuleNoLevel" classname="net.opentsdb.tree.TestTree" time="0.008"/>
  <testcase name="getRuleNoOrder" classname="net.opentsdb.tree.TestTree" time="0.007"/>
  <testcase name="createNewTree" classname="net.opentsdb.tree.TestTree" time="0.169"/>
  <testcase name="createNewFirstTree" classname="net.opentsdb.tree.TestTree" time="0.019"/>
  <testcase name="createNewTreeNoChanges" classname="net.opentsdb.tree.TestTree" time="0.015"/>
  <testcase name="createNewTreeOutOfIDs" classname="net.opentsdb.tree.TestTree" time="0.034"/>
  <testcase name="fetchTree" classname="net.opentsdb.tree.TestTree" time="0.043"/>
  <testcase name="fetchTreeDoesNotExist" classname="net.opentsdb.tree.TestTree" time="0.042"/>
  <testcase name="fetchTreeID0" classname="net.opentsdb.tree.TestTree" time="0.025"/>
  <testcase name="fetchTreeID65536" classname="net.opentsdb.tree.TestTree" time="0.023"/>
  <testcase name="fetchAllTrees" classname="net.opentsdb.tree.TestTree" time="0.045"/>
  <testcase name="fetchAllTreesNone" classname="net.opentsdb.tree.TestTree" time="0.033"/>
  <testcase name="fetchAllCollisions" classname="net.opentsdb.tree.TestTree" time="0.038"/>
  <testcase name="fetchAllCollisionsNone" classname="net.opentsdb.tree.TestTree" time="0.049"/>
  <testcase name="fetchCollisionsSingle" classname="net.opentsdb.tree.TestTree" time="0.041"/>
  <testcase name="fetchCollisionsSingleNotFound" classname="net.opentsdb.tree.TestTree" time="0.045"/>
  <testcase name="fetchCollisionsID0" classname="net.opentsdb.tree.TestTree" time="0.026"/>
  <testcase name="fetchCollisionsID655536" classname="net.opentsdb.tree.TestTree" time="0.085"/>
  <testcase name="fetchAllNotMatched" classname="net.opentsdb.tree.TestTree" time="0.019"/>
  <testcase name="fetchAllNotMatchedNone" classname="net.opentsdb.tree.TestTree" time="0.022"/>
  <testcase name="fetchNotMatchedSingle" classname="net.opentsdb.tree.TestTree" time="0.02"/>
  <testcase name="fetchNotMatchedSingleNotFound" classname="net.opentsdb.tree.TestTree" time="0.014"/>
  <testcase name="fetchNotMatchedID0" classname="net.opentsdb.tree.TestTree" time="0.024"/>
  <testcase name="fetchNotMatchedID655536" classname="net.opentsdb.tree.TestTree" time="0.012"/>
  <testcase name="deleteTree" classname="net.opentsdb.tree.TestTree" time="0.051"/>
  <testcase name="idToBytes" classname="net.opentsdb.tree.TestTree" time="0.006"/>
  <testcase name="idToBytesMax" classname="net.opentsdb.tree.TestTree" time="0.009"/>
  <testcase name="idToBytesBadID0" classname="net.opentsdb.tree.TestTree" time="0.005"/>
  <testcase name="idToBytesBadID655536" classname="net.opentsdb.tree.TestTree" time="0.004"/>
  <testcase name="bytesToId" classname="net.opentsdb.tree.TestTree" time="0.003"/>
  <testcase name="bytesToIdMetaRow" classname="net.opentsdb.tree.TestTree" time="0.004"/>
  <testcase name="bytesToIdBranchRow" classname="net.opentsdb.tree.TestTree" time="0.011"/>
  <testcase name="bytesToIdBadRow" classname="net.opentsdb.tree.TestTree" time="0.016"/>
  <testcase name="copyConstructor" classname="net.opentsdb.tree.TestTree" time="0.011"/>
</testsuite>