<?xml version="1.0" encoding="UTF-8"?>
<testsuite name="net.opentsdb.tools.TestUID" time="13.934" tests="56" errors="0" skipped="0" failures="0">
  <properties>
[...]
</properties>
  <testcase name="fsckMetricsUIDHigh" classname="net.opentsdb.tools.TestUID" time="1.849"/>
  <testcase name="fsckTagkUIDHigh" classname="net.opentsdb.tools.TestUID" time="0.483"/>
  <testcase name="fsckTagvUIDHigh" classname="net.opentsdb.tools.TestUID" time="0.309"/>
  <testcase name="fsckMetricsUIDLow" classname="net.opentsdb.tools.TestUID" time="0.252"/>
  <testcase name="fsckFIXMetricsUIDLow" classname="net.opentsdb.tools.TestUID" time="0.273"/>
  <testcase name="fsckTagkUIDLow" classname="net.opentsdb.tools.TestUID" time="0.219"/>
  <testcase name="fsckFIXTagkUIDLow" classname="net.opentsdb.tools.TestUID" time="0.29"/>
  <testcase name="fsckTagvUIDLow" classname="net.opentsdb.tools.TestUID" time="0.338"/>
  <testcase name="fsckNoData" classname="net.opentsdb.tools.TestUID" time="0.147"/>
  <testcase name="fsckNoErrors" classname="net.opentsdb.tools.TestUID" time="0.158"/>
  <testcase name="fsckFIXTagvUIDLow" classname="net.opentsdb.tools.TestUID" time="0.276"/>
  <testcase name="fsckMetricsUIDWrongLength" classname="net.opentsdb.tools.TestUID" time="0.244"/>
  <testcase name="fsckTagkUIDWrongLength" classname="net.opentsdb.tools.TestUID" time="0.195"/>
  <testcase name="fsckTagvUIDWrongLength" classname="net.opentsdb.tools.TestUID" time="0.23"/>
  <testcase name="fsckMetricsMissingReverse" classname="net.opentsdb.tools.TestUID" time="0.171"/>
  <testcase name="fsckFIXMetricsMissingReverse" classname="net.opentsdb.tools.TestUID" time="0.251"/>
  <testcase name="fsckTagkMissingReverse" classname="net.opentsdb.tools.TestUID" time="0.187"/>
  <testcase name="fsckFIXTagkMissingReverse" classname="net.opentsdb.tools.TestUID" time="0.246"/>
  <testcase name="fsckTagvMissingReverse" classname="net.opentsdb.tools.TestUID" time="0.21"/>
  <testcase name="fsckFIXTagvMissingReverse" classname="net.opentsdb.tools.TestUID" time="0.224"/>
  <testcase name="fsckMetricsInconsistentForward" classname="net.opentsdb.tools.TestUID" time="0.172"/>
  <testcase name="fsckFIXMetricsInconsistentForward" classname="net.opentsdb.tools.TestUID" time="0.211"/>
  <testcase name="fsckTagkInconsistentForward" classname="net.opentsdb.tools.TestUID" time="0.185"/>
  <testcase name="fsckFIXTagkInconsistentForward" classname="net.opentsdb.tools.TestUID" time="0.211"/>
  <testcase name="fsckTagvInconsistentForward" classname="net.opentsdb.tools.TestUID" time="0.251"/>
  <testcase name="fsckFIXTagvInconsistentForward" classname="net.opentsdb.tools.TestUID" time="0.256"/>
  <testcase name="fsckMetricsDuplicateForward" classname="net.opentsdb.tools.TestUID" time="0.187"/>
  <testcase name="fsckFIXMetricsDuplicateForward" classname="net.opentsdb.tools.TestUID" time="0.371"/>
  <testcase name="fsckTagkDuplicateForward" classname="net.opentsdb.tools.TestUID" time="0.183"/>
  <testcase name="fsckFIXTagkDuplicateForward" classname="net.opentsdb.tools.TestUID" time="0.213"/>
  <testcase name="fsckTagvDuplicateForward" classname="net.opentsdb.tools.TestUID" time="0.178"/>
  <testcase name="fsckFIXTagvDuplicateForward" classname="net.opentsdb.tools.TestUID" time="0.207"/>
  <testcase name="fsckMetricsMissingForward" classname="net.opentsdb.tools.TestUID" time="0.181"/>
  <testcase name="fsckFIXMetricsMissingForward" classname="net.opentsdb.tools.TestUID" time="0.162"/>
  <testcase name="fsckTagkMissingForward" classname="net.opentsdb.tools.TestUID" time="0.143"/>
  <testcase name="fsckFIXTagkMissingForward" classname="net.opentsdb.tools.TestUID" time="0.184"/>
  <testcase name="fsckTagvMissingForward" classname="net.opentsdb.tools.TestUID" time="0.153"/>
  <testcase name="fsckFIXTagvMissingForward" classname="net.opentsdb.tools.TestUID" time="0.222"/>
  <testcase name="fsckMetricsInconsistentReverse" classname="net.opentsdb.tools.TestUID" time="0.323"/>
  <testcase name="fsckFIXMetricsInconsistentReverse" classname="net.opentsdb.tools.TestUID" time="0.324"/>
  <testcase name="fsckTagkInconsistentReverse" classname="net.opentsdb.tools.TestUID" time="0.182"/>
  <testcase name="fsckFIXTagkInconsistentReverse" classname="net.opentsdb.tools.TestUID" time="0.186"/>
  <testcase name="fsckTagvInconsistentReverse" classname="net.opentsdb.tools.TestUID" time="0.16"/>
  <testcase name="fsckFIXTagvInconsistentReverse" classname="net.opentsdb.tools.TestUID" time="0.183"/>
  <testcase name="fsckMetricsDuplicateReverse" classname="net.opentsdb.tools.TestUID" time="0.165"/>
  <testcase name="fsckFIXMetricsDuplicateReverse" classname="net.opentsdb.tools.TestUID" time="0.212"/>
  <testcase name="fsckTagkDuplicateReverse" classname="net.opentsdb.tools.TestUID" time="0.166"/>
  <testcase name="fsckFIXTagkDuplicateReverse" classname="net.opentsdb.tools.TestUID" time="0.197"/>
  <testcase name="fsckTagvDuplicateReverse" classname="net.opentsdb.tools.TestUID" time="0.185"/>
  <testcase name="fsckFIXTagvDuplicateReverse" classname="net.opentsdb.tools.TestUID" time="0.175"/>
  <testcase name="fsckMetricsInconsistentFwdAndDupeRev" classname="net.opentsdb.tools.TestUID" time="0.169"/>
  <testcase name="fsckFIXMetricsInconsistentFwdAndDupeRev" classname="net.opentsdb.tools.TestUID" time="0.3"/>
  <testcase name="fsckMetricsInconsistentFwdAndInconsistentRev" classname="net.opentsdb.tools.TestUID" time="0.185"/>
  <testcase name="fsckFIXMetricsInconsistentFwdAndInconsistentRev" classname="net.opentsdb.tools.TestUID" time="0.234"/>
  <testcase name="fsckMetricsInconsistentFwdNoDupes" classname="net.opentsdb.tools.TestUID" time="0.171"/>
  <testcase name="fsckFixMetricsInconsistentFwdNoDupes" classname="net.opentsdb.tools.TestUID" time="0.195"/>
</testsuite>