<?xml version="1.0" encoding="UTF-8"?>
<testsuite name="net.opentsdb.tools.TestTextImporter" time="5.208" tests="32" errors="0" skipped="0" failures="0">
  <properties>
[...]
</properties>
  <testcase name="importFileGoodIntegers1Byte" classname="net.opentsdb.tools.TestTextImporter" time="1.032"/>
  <testcase name="importFileGoodIntegers1ByteNegative" classname="net.opentsdb.tools.TestTextImporter" time="0.445"/>
  <testcase name="importFileGoodIntegers2Byte" classname="net.opentsdb.tools.TestTextImporter" time="0.174"/>
  <testcase name="importFileGoodIntegers2ByteNegative" classname="net.opentsdb.tools.TestTextImporter" time="0.173"/>
  <testcase name="importFileGoodIntegers4Byte" classname="net.opentsdb.tools.TestTextImporter" time="0.143"/>
  <testcase name="importFileGoodIntegers4ByteNegative" classname="net.opentsdb.tools.TestTextImporter" time="0.136"/>
  <testcase name="importFileGoodIntegers8Byte" classname="net.opentsdb.tools.TestTextImporter" time="0.117"/>
  <testcase name="importFileGoodIntegers8ByteNegative" classname="net.opentsdb.tools.TestTextImporter" time="0.144"/>
  <testcase name="importFileTimestampZero" classname="net.opentsdb.tools.TestTextImporter" time="0.229"/>
  <testcase name="importFileTimestampNegative" classname="net.opentsdb.tools.TestTextImporter" time="0.122"/>
  <testcase name="importFileMaxSecondTimestamp" classname="net.opentsdb.tools.TestTextImporter" time="0.109"/>
  <testcase name="importFileMinMSTimestamp" classname="net.opentsdb.tools.TestTextImporter" time="0.108"/>
  <testcase name="importFileMSTimestamp" classname="net.opentsdb.tools.TestTextImporter" time="0.112"/>
  <testcase name="importFileMSTimestampTooBig" classname="net.opentsdb.tools.TestTextImporter" time="0.114"/>
  <testcase name="importFileMSTimestampNegative" classname="net.opentsdb.tools.TestTextImporter" time="0.1"/>
  <testcase name="importFileGoodFloats" classname="net.opentsdb.tools.TestTextImporter" time="0.11"/>
  <testcase name="importFileGoodFloatsNegative" classname="net.opentsdb.tools.TestTextImporter" time="0.112"/>
  <testcase name="importFileNSUTagv" classname="net.opentsdb.tools.TestTextImporter" time="0.142"/>
  <testcase name="importFileNSUTagk" classname="net.opentsdb.tools.TestTextImporter" time="0.112"/>
  <testcase name="importFileNSUMetric" classname="net.opentsdb.tools.TestTextImporter" time="0.157"/>
  <testcase name="importFileEmptyMetric" classname="net.opentsdb.tools.TestTextImporter" time="0.106"/>
  <testcase name="importFileEmptyTimestamp" classname="net.opentsdb.tools.TestTextImporter" time="0.102"/>
  <testcase name="importFileEmptyValue" classname="net.opentsdb.tools.TestTextImporter" time="0.104"/>
  <testcase name="importFileEmptyTags" classname="net.opentsdb.tools.TestTextImporter" time="0.104"/>
  <testcase name="importFileEmptyTagv" classname="net.opentsdb.tools.TestTextImporter" time="0.13"/>
  <testcase name="importFileEmptyTagvEquals" classname="net.opentsdb.tools.TestTextImporter" time="0.104"/>
  <testcase name="importFile0Timestamp" classname="net.opentsdb.tools.TestTextImporter" time="0.111"/>
  <testcase name="importFileNegativeTimestamp" classname="net.opentsdb.tools.TestTextImporter" time="0.148"/>
  <testcase name="importFileSameTimestamp" classname="net.opentsdb.tools.TestTextImporter" time="0.107"/>
  <testcase name="importFileLessthanTimestamp" classname="net.opentsdb.tools.TestTextImporter" time="0.107"/>
  <testcase name="importFileEmptyFile" classname="net.opentsdb.tools.TestTextImporter" time="0.097"/>
  <testcase name="inportFileNotFound" classname="net.opentsdb.tools.TestTextImporter" time="0.097"/>
</testsuite>