<?xml version="1.0" encoding="UTF-8"?>
<testsuite name="net.opentsdb.utils.TestDateTime" time="3.349" tests="53" errors="0" skipped="0" failures="0">
  <properties>
[...]
</properties>
  <testcase name="setTimeZone" classname="net.opentsdb.utils.TestDateTime" time="0.827"/>
  <testcase name="parseDateTimeStringUnixSeconds" classname="net.opentsdb.utils.TestDateTime" time="0.317"/>
  <testcase name="parseDateTimeStringUnixSecondsZero" classname="net.opentsdb.utils.TestDateTime" time="0.042"/>
  <testcase name="parseDateTimeStringUnixSecondsNegative" classname="net.opentsdb.utils.TestDateTime" time="0.078"/>
  <testcase name="parseDateTimeStringUnixSecondsInvalidLong" classname="net.opentsdb.utils.TestDateTime" time="0.06"/>
  <testcase name="parseDateTimeStringRelativeD" classname="net.opentsdb.utils.TestDateTime" time="0.056"/>
  <testcase name="parseDateTimeStringRelativeD30" classname="net.opentsdb.utils.TestDateTime" time="0.06"/>
  <testcase name="parseDateTimeStringRelativeW" classname="net.opentsdb.utils.TestDateTime" time="0.058"/>
  <testcase name="parseDateTimeStringRelativeN" classname="net.opentsdb.utils.TestDateTime" time="0.033"/>
  <testcase name="parseDateTimeStringRelativeY" classname="net.opentsdb.utils.TestDateTime" time="0.029"/>
  <testcase name="getTimezoneNull" classname="net.opentsdb.utils.TestDateTime" time="0.031"/>
  <testcase name="parseDateTimeStringRelativeS" classname="net.opentsdb.utils.TestDateTime" time="0.068"/>
  <testcase name="getTimezone" classname="net.opentsdb.utils.TestDateTime" time="0.072"/>
  <testcase name="parseDateTimeStringUnixMS" classname="net.opentsdb.utils.TestDateTime" time="0.066"/>
  <testcase name="parseDateTimeStringUnixMSDot" classname="net.opentsdb.utils.TestDateTime" time="0.029"/>
  <testcase name="parseDateTimeStringUnixMSDotInvalid" classname="net.opentsdb.utils.TestDateTime" time="0.05"/>
  <testcase name="parseDateTimeStringUnixMSDotInvalid2" classname="net.opentsdb.utils.TestDateTime" time="0.038"/>
  <testcase name="parseDateTimeStringDate" classname="net.opentsdb.utils.TestDateTime" time="0.031"/>
  <testcase name="parseDateTimeStringDateTimeShort" classname="net.opentsdb.utils.TestDateTime" time="0.054"/>
  <testcase name="parseDateTimeStringDateTimeDashShort" classname="net.opentsdb.utils.TestDateTime" time="0.058"/>
  <testcase name="parseDateTimeStringDateTime" classname="net.opentsdb.utils.TestDateTime" time="0.056"/>
  <testcase name="parseDateTimeStringDateTimeDash" classname="net.opentsdb.utils.TestDateTime" time="0.047"/>
  <testcase name="parseDateTimeStringRelativeM" classname="net.opentsdb.utils.TestDateTime" time="0.033"/>
  <testcase name="parseDateTimeStringRelativeH" classname="net.opentsdb.utils.TestDateTime" time="0.022"/>
  <testcase name="parseDateTimeStringTooBig" classname="net.opentsdb.utils.TestDateTime" time="0.04"/>
  <testcase name="parseDateTimeStringBadFormat" classname="net.opentsdb.utils.TestDateTime" time="0.047"/>
  <testcase name="parseDateTimeStringBadRelative" classname="net.opentsdb.utils.TestDateTime" time="0.05"/>
  <testcase name="parseDateTimeStringNull" classname="net.opentsdb.utils.TestDateTime" time="0.038"/>
  <testcase name="parseDateTimeStringEmpty" classname="net.opentsdb.utils.TestDateTime" time="0.044"/>
  <testcase name="parseDurationMS" classname="net.opentsdb.utils.TestDateTime" time="0.051"/>
  <testcase name="parseDurationS" classname="net.opentsdb.utils.TestDateTime" time="0.032"/>
  <testcase name="parseDurationCase" classname="net.opentsdb.utils.TestDateTime" time="0.032"/>
  <testcase name="parseDurationM" classname="net.opentsdb.utils.TestDateTime" time="0.04"/>
  <testcase name="parseDurationH" classname="net.opentsdb.utils.TestDateTime" time="0.057"/>
  <testcase name="parseDurationD" classname="net.opentsdb.utils.TestDateTime" time="0.027"/>
  <testcase name="parseDurationW" classname="net.opentsdb.utils.TestDateTime" time="0.024"/>
  <testcase name="parseDurationN" classname="net.opentsdb.utils.TestDateTime" time="0.017"/>
  <testcase name="parseDurationY" classname="net.opentsdb.utils.TestDateTime" time="0.019"/>
  <testcase name="parseDurationLongMS" classname="net.opentsdb.utils.TestDateTime" time="0.035"/>
  <testcase name="parseDurationTooLong" classname="net.opentsdb.utils.TestDateTime" time="0.03"/>
  <testcase name="parseDurationNegative" classname="net.opentsdb.utils.TestDateTime" time="0.022"/>
  <testcase name="parseDurationBad" classname="net.opentsdb.utils.TestDateTime" time="0.026"/>
  <testcase name="parseDurationInvalidSuffix" classname="net.opentsdb.utils.TestDateTime" time="0.044"/>
  <testcase name="parseDurationTooBig" classname="net.opentsdb.utils.TestDateTime" time="0.042"/>
  <testcase name="setTimeZoneNullFmt" classname="net.opentsdb.utils.TestDateTime" time="0.053"/>
  <testcase name="setTimeZoneNullTZ" classname="net.opentsdb.utils.TestDateTime" time="0.058"/>
  <testcase name="setTimeZoneBadTZ" classname="net.opentsdb.utils.TestDateTime" time="0.055"/>
  <testcase name="isRelativeDate" classname="net.opentsdb.utils.TestDateTime" time="0.048"/>
  <testcase name="isRelativeDateCase" classname="net.opentsdb.utils.TestDateTime" time="0.047"/>
  <testcase name="isRelativeDateNot" classname="net.opentsdb.utils.TestDateTime" time="0.051"/>
  <testcase name="isRelativeNull" classname="net.opentsdb.utils.TestDateTime" time="0.036"/>
  <testcase name="setDefaultTimezone" classname="net.opentsdb.utils.TestDateTime" time="0.047"/>
  <testcase name="setDefaultTimezoneNull" classname="net.opentsdb.utils.TestDateTime" time="0.022"/>
</testsuite>