<?xml version="1.0" encoding="UTF-8"?>
<testsuite name="net.opentsdb.tools.TestFsck" time="25.591" tests="140" errors="0" skipped="0" failures="0">
  <properties>
[...]
</properties>
  <testcase name="badCompactTooLong" classname="net.opentsdb.tools.TestFsck" time="1.775"/>
  <testcase name="badCompactTooLongFix" classname="net.opentsdb.tools.TestFsck" time="0.313"/>
  <testcase name="integerVle1Byte" classname="net.opentsdb.tools.TestFsck" time="0.288"/>
  <testcase name="integerVle1ByteFix" classname="net.opentsdb.tools.TestFsck" time="0.167"/>
  <testcase name="integerVle1ByteNegative" classname="net.opentsdb.tools.TestFsck" time="0.159"/>
  <testcase name="integerVle1ByteNegativeFix" classname="net.opentsdb.tools.TestFsck" time="0.159"/>
  <testcase name="integerVle2Bytes" classname="net.opentsdb.tools.TestFsck" time="0.159"/>
  <testcase name="integerVle2BytesFix" classname="net.opentsdb.tools.TestFsck" time="0.354"/>
  <testcase name="integerVle2BytesNegative" classname="net.opentsdb.tools.TestFsck" time="0.189"/>
  <testcase name="integerVle2BytesNegativeFix" classname="net.opentsdb.tools.TestFsck" time="0.158"/>
  <testcase name="integerVle4Bytes" classname="net.opentsdb.tools.TestFsck" time="0.153"/>
  <testcase name="integerVle4BytesFix" classname="net.opentsdb.tools.TestFsck" time="0.145"/>
  <testcase name="integerVle4BytesNegative" classname="net.opentsdb.tools.TestFsck" time="0.228"/>
  <testcase name="integerVle4BytesNegativeFix" classname="net.opentsdb.tools.TestFsck" time="0.212"/>
  <testcase name="compactedVLE" classname="net.opentsdb.tools.TestFsck" time="0.22"/>
  <testcase name="compactedVLEFix" classname="net.opentsdb.tools.TestFsck" time="0.16"/>
  <testcase name="compactFixWithVLE" classname="net.opentsdb.tools.TestFsck" time="0.173"/>
  <testcase name="dupesSinglesSeconds" classname="net.opentsdb.tools.TestFsck" time="0.146"/>
  <testcase name="dupesSinglesSecondsFix" classname="net.opentsdb.tools.TestFsck" time="0.15"/>
  <testcase name="dupesSinglesSecondsLWW" classname="net.opentsdb.tools.TestFsck" time="0.166"/>
  <testcase name="dupesSinglesSecondsLWWFix" classname="net.opentsdb.tools.TestFsck" time="0.239"/>
  <testcase name="dupeTimestampsMultipleSinglesSeconds" classname="net.opentsdb.tools.TestFsck" time="0.217"/>
  <testcase name="dupeTimestampsMultipleSinglesSecondsFix" classname="net.opentsdb.tools.TestFsck" time="0.242"/>
  <testcase name="dupeTimestampsMultipleSinglesSecondsLWW" classname="net.opentsdb.tools.TestFsck" time="0.188"/>
  <testcase name="dupeTimestampsMultipleSinglesSecondsLWWFix" classname="net.opentsdb.tools.TestFsck" time="0.154"/>
  <testcase name="dupeSinglesTimestampsMs" classname="net.opentsdb.tools.TestFsck" time="0.176"/>
  <testcase name="dupeSinglesTimestampsMsFix" classname="net.opentsdb.tools.TestFsck" time="0.191"/>
  <testcase name="dupeSinglesTimestampsMsLWW" classname="net.opentsdb.tools.TestFsck" time="0.201"/>
  <testcase name="dupeSinglesTimestampsMsFixLWW" classname="net.opentsdb.tools.TestFsck" time="0.147"/>
  <testcase name="dupeTimestampsMultipleSinglesMs" classname="net.opentsdb.tools.TestFsck" time="0.167"/>
  <testcase name="dupeTimestampsMultipleSinglesMsFix" classname="net.opentsdb.tools.TestFsck" time="0.156"/>
  <testcase name="dupeTimestampsMultipleSinglesMsLWW" classname="net.opentsdb.tools.TestFsck" time="0.287"/>
  <testcase name="dupeTimestampsMultipleSinglesMsLWWFix" classname="net.opentsdb.tools.TestFsck" time="0.148"/>
  <testcase name="dupesSinglesMixed" classname="net.opentsdb.tools.TestFsck" time="0.133"/>
  <testcase name="dupesSinglesMixedFix" classname="net.opentsdb.tools.TestFsck" time="0.14"/>
  <testcase name="dupesSinglesMixedLWW" classname="net.opentsdb.tools.TestFsck" time="0.132"/>
  <testcase name="dupesSinglesMixedLWWFix" classname="net.opentsdb.tools.TestFsck" time="0.148"/>
  <testcase name="twoCompactedColumnsWSameTS" classname="net.opentsdb.tools.TestFsck" time="0.131"/>
  <testcase name="twoCompactedColumnsWSameTSFix" classname="net.opentsdb.tools.TestFsck" time="0.147"/>
  <testcase name="twoCompactedColumnsWSameTSLWW" classname="net.opentsdb.tools.TestFsck" time="0.137"/>
  <testcase name="twoCompactedColumnsWSameTSFixLLW" classname="net.opentsdb.tools.TestFsck" time="0.155"/>
  <testcase name="twoCompactedColumnsMSWSameTS" classname="net.opentsdb.tools.TestFsck" time="0.13"/>
  <testcase name="twoCompactedColumnsMSWSameTSFix" classname="net.opentsdb.tools.TestFsck" time="0.136"/>
  <testcase name="twoCompactedColumnsMSWSameTSLLW" classname="net.opentsdb.tools.TestFsck" time="0.139"/>
  <testcase name="twoCompactedColumnsMSWSameTSLWWFix" classname="net.opentsdb.tools.TestFsck" time="0.14"/>
  <testcase name="twoCompactedPlusSingleWSameTS" classname="net.opentsdb.tools.TestFsck" time="0.162"/>
  <testcase name="twoCompactedPlusSingleWSameTSFix" classname="net.opentsdb.tools.TestFsck" time="0.139"/>
  <testcase name="twoCompactedPlusSingleWSameTSLWW" classname="net.opentsdb.tools.TestFsck" time="0.142"/>
  <testcase name="twoCompactedPlusSingleWSameTSLWWFix" classname="net.opentsdb.tools.TestFsck" time="0.142"/>
  <testcase name="compactedAndSingleWSameTS" classname="net.opentsdb.tools.TestFsck" time="0.13"/>
  <testcase name="compactedAndSingleWSameTSFix" classname="net.opentsdb.tools.TestFsck" time="0.152"/>
  <testcase name="compactedAndSingleWSameTSLWW" classname="net.opentsdb.tools.TestFsck" time="0.141"/>
  <testcase name="compactedAndSingleWSameTSLWWFix" classname="net.opentsdb.tools.TestFsck" time="0.139"/>
  <testcase name="globalAnnotation" classname="net.opentsdb.tools.TestFsck" time="0.138"/>
  <testcase name="compactedAndSingleMSWSameTS" classname="net.opentsdb.tools.TestFsck" time="0.132"/>
  <testcase name="compactedAndSingleMSWSameTSFix" classname="net.opentsdb.tools.TestFsck" time="0.156"/>
  <testcase name="compactedAndSingleMSWSameTSLWW" classname="net.opentsdb.tools.TestFsck" time="0.128"/>
  <testcase name="compactedAndSingleMSWSameTSLWWFix" classname="net.opentsdb.tools.TestFsck" time="0.13"/>
  <testcase name="compactedAndSingleMixedWSameTS" classname="net.opentsdb.tools.TestFsck" time="0.135"/>
  <testcase name="compactedAndSingleMixedWSameTSFix" classname="net.opentsdb.tools.TestFsck" time="0.145"/>
  <testcase name="compactedAndSingleMixedWSameTSLWW" classname="net.opentsdb.tools.TestFsck" time="0.136"/>
  <testcase name="compactedAndSingleMixedWSameTSLWWFix" classname="net.opentsdb.tools.TestFsck" time="0.135"/>
  <testcase name="tripleCompactedColumnsWSameTS" classname="net.opentsdb.tools.TestFsck" time="0.133"/>
  <testcase name="tripleCompactedColumnsWSameTSFix" classname="net.opentsdb.tools.TestFsck" time="0.144"/>
  <testcase name="tripleCompactedColumnsWSameTSLWW" classname="net.opentsdb.tools.TestFsck" time="0.138"/>
  <testcase name="tripleCompactedColumnsWSameTSLWWFix" classname="net.opentsdb.tools.TestFsck" time="0.149"/>
  <testcase name="compactAndNotFixDupes" classname="net.opentsdb.tools.TestFsck" time="0.129"/>
  <testcase name="compactAndFixDupes" classname="net.opentsdb.tools.TestFsck" time="0.133"/>
  <testcase name="vleAndCompact" classname="net.opentsdb.tools.TestFsck" time="0.127"/>
  <testcase name="compactAndNotFixIntegerWrongLength" classname="net.opentsdb.tools.TestFsck" time="0.131"/>
  <testcase name="compactAndFixIntegerWrongLength" classname="net.opentsdb.tools.TestFsck" time="0.131"/>
  <testcase name="rowOfBadValuesNotFix" classname="net.opentsdb.tools.TestFsck" time="0.142"/>
  <testcase name="rowOfBadValuesFix" classname="net.opentsdb.tools.TestFsck" time="0.158"/>
  <testcase name="compactedAndBadValuesNotFix" classname="net.opentsdb.tools.TestFsck" time="0.144"/>
  <testcase name="compactedAndBadValuesFix" classname="net.opentsdb.tools.TestFsck" time="0.153"/>
  <testcase name="compactedAndBadValuesNotFixAndDupesNotFix" classname="net.opentsdb.tools.TestFsck" time="0.137"/>
  <testcase name="compactedAndBadValuesFixAndDupesNotFix" classname="net.opentsdb.tools.TestFsck" time="0.146"/>
  <testcase name="compactedAndBadValuesNotFixAndDupesFix" classname="net.opentsdb.tools.TestFsck" time="0.134"/>
  <testcase name="compactedAndBadValuesFixAndDupesFix" classname="net.opentsdb.tools.TestFsck" time="0.215"/>
  <testcase name="compactedAndBadValuesFixAndDupesLWWFix" classname="net.opentsdb.tools.TestFsck" time="0.236"/>
  <testcase name="runQuery" classname="net.opentsdb.tools.TestFsck" time="0.249"/>
  <testcase name="noData" classname="net.opentsdb.tools.TestFsck" time="0.125"/>
  <testcase name="noErrors" classname="net.opentsdb.tools.TestFsck" time="0.122"/>
  <testcase name="noErrorsMultipleRows" classname="net.opentsdb.tools.TestFsck" time="0.135"/>
  <testcase name="noErrorsMilliseconds" classname="net.opentsdb.tools.TestFsck" time="1.075"/>
  <testcase name="noErrorsAnnotation" classname="net.opentsdb.tools.TestFsck" time="0.126"/>
  <testcase name="noErrorsMixedMsAndSeconds" classname="net.opentsdb.tools.TestFsck" time="1.23"/>
  <testcase name="noErrorsMixedMsAndSecondsAnnotations" classname="net.opentsdb.tools.TestFsck" time="1.063"/>
  <testcase name="noErrorsCompacted" classname="net.opentsdb.tools.TestFsck" time="0.122"/>
  <testcase name="noErrorsCompactedMS" classname="net.opentsdb.tools.TestFsck" time="0.123"/>
  <testcase name="noErrorsCompactedMix" classname="net.opentsdb.tools.TestFsck" time="0.122"/>
  <testcase name="noErrorsCompactedMixReverse" classname="net.opentsdb.tools.TestFsck" time="0.122"/>
  <testcase name="singleValueCompacted" classname="net.opentsdb.tools.TestFsck" time="0.124"/>
  <testcase name="singleValueCompactedFix" classname="net.opentsdb.tools.TestFsck" time="0.123"/>
  <testcase name="noSuchMetricId" classname="net.opentsdb.tools.TestFsck" time="0.119"/>
  <testcase name="noSuchMetricIdFix" classname="net.opentsdb.tools.TestFsck" time="0.12"/>
  <testcase name="noSuchTagId" classname="net.opentsdb.tools.TestFsck" time="0.12"/>
  <testcase name="noSuchTagIdFix" classname="net.opentsdb.tools.TestFsck" time="0.118"/>
  <testcase name="badRowKey" classname="net.opentsdb.tools.TestFsck" time="0.131"/>
  <testcase name="badRowKeyFix" classname="net.opentsdb.tools.TestFsck" time="0.135"/>
  <testcase name="lastCompactedByteNotZero" classname="net.opentsdb.tools.TestFsck" time="0.119"/>
  <testcase name="oneByteQualifier" classname="net.opentsdb.tools.TestFsck" time="0.129"/>
  <testcase name="oneByteQualifierFix" classname="net.opentsdb.tools.TestFsck" time="0.121"/>
  <testcase name="valueTooLong" classname="net.opentsdb.tools.TestFsck" time="0.124"/>
  <testcase name="valueTooLongFix" classname="net.opentsdb.tools.TestFsck" time="0.121"/>
  <testcase name="valueTooLongMS" classname="net.opentsdb.tools.TestFsck" time="0.133"/>
  <testcase name="valueTooLongMSFix" classname="net.opentsdb.tools.TestFsck" time="0.162"/>
  <testcase name="valueTooShort" classname="net.opentsdb.tools.TestFsck" time="0.125"/>
  <testcase name="valueTooShortFix" classname="net.opentsdb.tools.TestFsck" time="0.121"/>
  <testcase name="valueTooShortMS" classname="net.opentsdb.tools.TestFsck" time="0.12"/>
  <testcase name="valueTooShortMSFix" classname="net.opentsdb.tools.TestFsck" time="0.124"/>
  <testcase name="float8byteVal4byteQual" classname="net.opentsdb.tools.TestFsck" time="0.133"/>
  <testcase name="float8byteVal4byteQualFix" classname="net.opentsdb.tools.TestFsck" time="0.126"/>
  <testcase name="float8byteVal8byteQual" classname="net.opentsdb.tools.TestFsck" time="0.119"/>
  <testcase name="float8byteVal4byteQualSignExtensionBug" classname="net.opentsdb.tools.TestFsck" time="0.127"/>
  <testcase name="float8byteVal4byteQualSignExtensionBugFix" classname="net.opentsdb.tools.TestFsck" time="0.126"/>
  <testcase name="float8byteVal4byteQualSignExtensionBugCompacted" classname="net.opentsdb.tools.TestFsck" time="0.123"/>
  <testcase name="float8byteVal4byteQualSignExtensionBugCompactedFix" classname="net.opentsdb.tools.TestFsck" time="0.127"/>
  <testcase name="float8byteVal4byteQualMessedUp" classname="net.opentsdb.tools.TestFsck" time="0.122"/>
  <testcase name="float8byteVal4byteQualMessedUpFix" classname="net.opentsdb.tools.TestFsck" time="0.162"/>
  <testcase name="float4byteVal8byteQual" classname="net.opentsdb.tools.TestFsck" time="0.122"/>
  <testcase name="float4byteVal8byteQualFix" classname="net.opentsdb.tools.TestFsck" time="0.124"/>
  <testcase name="floatBadVal4ByteQual" classname="net.opentsdb.tools.TestFsck" time="0.126"/>
  <testcase name="floatBadVal4ByteQualFix" classname="net.opentsdb.tools.TestFsck" time="0.152"/>
  <testcase name="floatBadVal8ByteQual" classname="net.opentsdb.tools.TestFsck" time="0.159"/>
  <testcase name="floatBadVal8ByteQualFix" classname="net.opentsdb.tools.TestFsck" time="0.164"/>
  <testcase name="unknownObject" classname="net.opentsdb.tools.TestFsck" time="0.163"/>
  <testcase name="unknownObjectFix" classname="net.opentsdb.tools.TestFsck" time="0.162"/>
  <testcase name="futureObject" classname="net.opentsdb.tools.TestFsck" time="0.166"/>
  <testcase name="futureObjectShouldNotDelete" classname="net.opentsdb.tools.TestFsck" time="0.124"/>
  <testcase name="integerWrongLength" classname="net.opentsdb.tools.TestFsck" time="0.126"/>
  <testcase name="integerWrongLengthFix" classname="net.opentsdb.tools.TestFsck" time="0.121"/>
  <testcase name="compactOutOfOrder" classname="net.opentsdb.tools.TestFsck" time="0.125"/>
  <testcase name="compactOutOfOrderFix" classname="net.opentsdb.tools.TestFsck" time="0.128"/>
  <testcase name="compactWithoutFix" classname="net.opentsdb.tools.TestFsck" time="0.123"/>
  <testcase name="compactFix" classname="net.opentsdb.tools.TestFsck" time="0.125"/>
  <testcase name="compactTwoRowsWithoutFix" classname="net.opentsdb.tools.TestFsck" time="0.129"/>
  <testcase name="compactTwoRowsFix" classname="net.opentsdb.tools.TestFsck" time="0.127"/>
  <testcase name="badCompactTooShort" classname="net.opentsdb.tools.TestFsck" time="0.12"/>
  <testcase name="badCompactTooShortFix" classname="net.opentsdb.tools.TestFsck" time="0.12"/>
</testsuite>