<?xml version="1.0" encoding="UTF-8"?>
<testsuite name="net.opentsdb.tsd.TestAnnotationRpc" time="7.09" tests="43" errors="0" skipped="0" failures="0">
  <properties>
[...]
</properties>
  <testcase name="getGlobal" classname="net.opentsdb.tsd.TestAnnotationRpc" time="1.909"/>
  <testcase name="getNotFound" classname="net.opentsdb.tsd.TestAnnotationRpc" time="0.272"/>
  <testcase name="badMethod" classname="net.opentsdb.tsd.TestAnnotationRpc" time="0.15"/>
  <testcase name="getGlobalNotFound" classname="net.opentsdb.tsd.TestAnnotationRpc" time="0.137"/>
  <testcase name="getMissingStart" classname="net.opentsdb.tsd.TestAnnotationRpc" time="0.132"/>
  <testcase name="postNew" classname="net.opentsdb.tsd.TestAnnotationRpc" time="0.126"/>
  <testcase name="postNewGlobal" classname="net.opentsdb.tsd.TestAnnotationRpc" time="0.114"/>
  <testcase name="postNewMissingStart" classname="net.opentsdb.tsd.TestAnnotationRpc" time="0.111"/>
  <testcase name="modify" classname="net.opentsdb.tsd.TestAnnotationRpc" time="0.12"/>
  <testcase name="modifyGlobal" classname="net.opentsdb.tsd.TestAnnotationRpc" time="0.257"/>
  <testcase name="modifyPOST" classname="net.opentsdb.tsd.TestAnnotationRpc" time="0.104"/>
  <testcase name="modifyGlobalPOST" classname="net.opentsdb.tsd.TestAnnotationRpc" time="0.104"/>
  <testcase name="modifyPut" classname="net.opentsdb.tsd.TestAnnotationRpc" time="0.105"/>
  <testcase name="modifyPutGlobal" classname="net.opentsdb.tsd.TestAnnotationRpc" time="0.125"/>
  <testcase name="modifyNoChange" classname="net.opentsdb.tsd.TestAnnotationRpc" time="0.113"/>
  <testcase name="deleteGlobal" classname="net.opentsdb.tsd.TestAnnotationRpc" time="0.098"/>
  <testcase name="constructor" classname="net.opentsdb.tsd.TestAnnotationRpc" time="0.131"/>
  <testcase name="bulkBadMethodGet" classname="net.opentsdb.tsd.TestAnnotationRpc" time="0.152"/>
  <testcase name="bulkMissingContent" classname="net.opentsdb.tsd.TestAnnotationRpc" time="0.11"/>
  <testcase name="bulkMissingInvalidContent" classname="net.opentsdb.tsd.TestAnnotationRpc" time="0.121"/>
  <testcase name="bulkMissingInvalidSingleObject" classname="net.opentsdb.tsd.TestAnnotationRpc" time="0.1"/>
  <testcase name="bulkModifyPOST" classname="net.opentsdb.tsd.TestAnnotationRpc" time="0.116"/>
  <testcase name="bulkModifyGlobalPOST" classname="net.opentsdb.tsd.TestAnnotationRpc" time="0.107"/>
  <testcase name="bulkModifyPOSTMissingStart" classname="net.opentsdb.tsd.TestAnnotationRpc" time="0.132"/>
  <testcase name="bulkModifyPut" classname="net.opentsdb.tsd.TestAnnotationRpc" time="0.106"/>
  <testcase name="bulkModifyPutGlobal" classname="net.opentsdb.tsd.TestAnnotationRpc" time="0.12"/>
  <testcase name="bulkDelete" classname="net.opentsdb.tsd.TestAnnotationRpc" time="0.269"/>
  <testcase name="bulkDeleteNotFound" classname="net.opentsdb.tsd.TestAnnotationRpc" time="0.107"/>
  <testcase name="bulkDeleteAllTime" classname="net.opentsdb.tsd.TestAnnotationRpc" time="0.118"/>
  <testcase name="bulkDeleteGlobal" classname="net.opentsdb.tsd.TestAnnotationRpc" time="0.121"/>
  <testcase name="bulkDeleteGlobalNotFound" classname="net.opentsdb.tsd.TestAnnotationRpc" time="0.107"/>
  <testcase name="bulkDeleteGlobalAllTime" classname="net.opentsdb.tsd.TestAnnotationRpc" time="0.099"/>
  <testcase name="bulkDeleteMissingStart" classname="net.opentsdb.tsd.TestAnnotationRpc" time="0.092"/>
  <testcase name="bulkDeleteMissingTsuidsAndGlobal" classname="net.opentsdb.tsd.TestAnnotationRpc" time="0.099"/>
  <testcase name="bulkDeleteEmptyTsuids" classname="net.opentsdb.tsd.TestAnnotationRpc" time="0.12"/>
  <testcase name="bulkDeleteDELETE" classname="net.opentsdb.tsd.TestAnnotationRpc" time="0.107"/>
  <testcase name="bulkDeleteGlobalDELETE" classname="net.opentsdb.tsd.TestAnnotationRpc" time="0.1"/>
  <testcase name="bulkDeleteMissingStartDELETE" classname="net.opentsdb.tsd.TestAnnotationRpc" time="0.093"/>
  <testcase name="bulkDeleteEmptyTsuidsDELETE" classname="net.opentsdb.tsd.TestAnnotationRpc" time="0.112"/>
  <testcase name="bulkDeleteNoBodyDELETE" classname="net.opentsdb.tsd.TestAnnotationRpc" time="0.093"/>
  <testcase name="bulkDeleteBadJSONDELETE" classname="net.opentsdb.tsd.TestAnnotationRpc" time="0.091"/>
  <testcase name="get" classname="net.opentsdb.tsd.TestAnnotationRpc" time="0.092"/>
  <testcase name="delete" classname="net.opentsdb.tsd.TestAnnotationRpc" time="0.098"/>
</testsuite>