<?xml version="1.0" encoding="UTF-8"?>
<testsuite name="net.opentsdb.core.TestCompactionQueue" time="19.144" tests="38" errors="0" skipped="0" failures="0">
  <properties>
[...]
</properties>
  <testcase name="emptyRow" classname="net.opentsdb.core.TestCompactionQueue" time="0.488"/>
  <testcase name="oneCellRow" classname="net.opentsdb.core.TestCompactionQueue" time="0.171"/>
  <testcase name="oneCellRowWAnnotation" classname="net.opentsdb.core.TestCompactionQueue" time="0.678"/>
  <testcase name="oneCellRowWAnnotationMS" classname="net.opentsdb.core.TestCompactionQueue" time="0.043"/>
  <testcase name="oneCellRowBadLength" classname="net.opentsdb.core.TestCompactionQueue" time="0.057"/>
  <testcase name="oneCellRowMS" classname="net.opentsdb.core.TestCompactionQueue" time="0.012"/>
  <testcase name="twoCellRow" classname="net.opentsdb.core.TestCompactionQueue" time="0.039"/>
  <testcase name="twoCellRowWAnnotation" classname="net.opentsdb.core.TestCompactionQueue" time="0.028"/>
  <testcase name="fullRowSeconds" classname="net.opentsdb.core.TestCompactionQueue" time="2.251"/>
  <testcase name="bigRowMs" classname="net.opentsdb.core.TestCompactionQueue" time="14.657"/>
  <testcase name="twoCellRowMS" classname="net.opentsdb.core.TestCompactionQueue" time="0.031"/>
  <testcase name="sortMsAndS" classname="net.opentsdb.core.TestCompactionQueue" time="0.04"/>
  <testcase name="secondsOutOfOrder" classname="net.opentsdb.core.TestCompactionQueue" time="0.035"/>
  <testcase name="msOutOfOrder" classname="net.opentsdb.core.TestCompactionQueue" time="0.034"/>
  <testcase name="secondAndMs" classname="net.opentsdb.core.TestCompactionQueue" time="0.037"/>
  <testcase name="secondAndMsWAnnotation" classname="net.opentsdb.core.TestCompactionQueue" time="0.049"/>
  <testcase name="msSameAsSecond" classname="net.opentsdb.core.TestCompactionQueue" time="0.041"/>
  <testcase name="msSameAsSecondFix" classname="net.opentsdb.core.TestCompactionQueue" time="0.072"/>
  <testcase name="fixQualifierFlags" classname="net.opentsdb.core.TestCompactionQueue" time="0.035"/>
  <testcase name="fixFloatingPoint" classname="net.opentsdb.core.TestCompactionQueue" time="0.031"/>
  <testcase name="overlappingDataPoints" classname="net.opentsdb.core.TestCompactionQueue" time="0.022"/>
  <testcase name="overlappingDataPointsFix" classname="net.opentsdb.core.TestCompactionQueue" time="0.025"/>
  <testcase name="failedCompactNoop" classname="net.opentsdb.core.TestCompactionQueue" time="0.013"/>
  <testcase name="annotationOnly" classname="net.opentsdb.core.TestCompactionQueue" time="0.009"/>
  <testcase name="annotationsOnly" classname="net.opentsdb.core.TestCompactionQueue" time="0.009"/>
  <testcase name="secondCompact" classname="net.opentsdb.core.TestCompactionQueue" time="0.02"/>
  <testcase name="secondCompactWAnnotation" classname="net.opentsdb.core.TestCompactionQueue" time="0.012"/>
  <testcase name="secondCompactMS" classname="net.opentsdb.core.TestCompactionQueue" time="0.012"/>
  <testcase name="secondCompactMixedSecond" classname="net.opentsdb.core.TestCompactionQueue" time="0.017"/>
  <testcase name="secondCompactMixedMS" classname="net.opentsdb.core.TestCompactionQueue" time="0.02"/>
  <testcase name="secondCompactMixedMSAndS" classname="net.opentsdb.core.TestCompactionQueue" time="0.011"/>
  <testcase name="secondCompactOverwrite" classname="net.opentsdb.core.TestCompactionQueue" time="0.019"/>
  <testcase name="secondCompactOverwriteFix" classname="net.opentsdb.core.TestCompactionQueue" time="0.036"/>
  <testcase name="doubleFailedCompactNoop" classname="net.opentsdb.core.TestCompactionQueue" time="0.025"/>
  <testcase name="weirdOverlappingCompactedCells" classname="net.opentsdb.core.TestCompactionQueue" time="0.02"/>
  <testcase name="tripleCompacted" classname="net.opentsdb.core.TestCompactionQueue" time="0.012"/>
  <testcase name="tripleCompactedOutOfOrder" classname="net.opentsdb.core.TestCompactionQueue" time="0.012"/>
  <testcase name="tripleCompactedSecondsAndMs" classname="net.opentsdb.core.TestCompactionQueue" time="0.021"/>
</testsuite>