<?xml version="1.0" encoding="UTF-8"?>
<testsuite name="net.opentsdb.tree.TestTreeRule" time="2.265" tests="40" errors="0" skipped="0" failures="0">
  <properties>
[...]
</properties>
  <testcase name="copyConstructor" classname="net.opentsdb.tree.TestTreeRule" time="0.249"/>
  <testcase name="deserialize" classname="net.opentsdb.tree.TestTreeRule" time="0.744"/>
  <testcase name="stringToTypeMetric" classname="net.opentsdb.tree.TestTreeRule" time="0.013"/>
  <testcase name="stringToTypeMetricCustom" classname="net.opentsdb.tree.TestTreeRule" time="0.017"/>
  <testcase name="stringToTypeTagk" classname="net.opentsdb.tree.TestTreeRule" time="0.018"/>
  <testcase name="stringToTypeTagkCustom" classname="net.opentsdb.tree.TestTreeRule" time="0.007"/>
  <testcase name="setRegex" classname="net.opentsdb.tree.TestTreeRule" time="0.007"/>
  <testcase name="stringToTypeTagvCustom" classname="net.opentsdb.tree.TestTreeRule" time="0.006"/>
  <testcase name="stringToTypeNull" classname="net.opentsdb.tree.TestTreeRule" time="0.007"/>
  <testcase name="stringToTypeEmpty" classname="net.opentsdb.tree.TestTreeRule" time="0.007"/>
  <testcase name="stringToTypeInvalid" classname="net.opentsdb.tree.TestTreeRule" time="0.006"/>
  <testcase name="deserializeBadRegexCompile" classname="net.opentsdb.tree.TestTreeRule" time="0.008"/>
  <testcase name="fetchRule" classname="net.opentsdb.tree.TestTreeRule" time="0.656"/>
  <testcase name="fetchRuleDoesNotExist" classname="net.opentsdb.tree.TestTreeRule" time="0.032"/>
  <testcase name="fetchRuleBadTreeID0" classname="net.opentsdb.tree.TestTreeRule" time="0.021"/>
  <testcase name="fetchRuleBadTreeID65536" classname="net.opentsdb.tree.TestTreeRule" time="0.026"/>
  <testcase name="fetchRuleBadLevel" classname="net.opentsdb.tree.TestTreeRule" time="0.034"/>
  <testcase name="fetchRuleBadOrder" classname="net.opentsdb.tree.TestTreeRule" time="0.034"/>
  <testcase name="setRegexBadPattern" classname="net.opentsdb.tree.TestTreeRule" time="0.009"/>
  <testcase name="setRegexNull" classname="net.opentsdb.tree.TestTreeRule" time="0.005"/>
  <testcase name="setRegexEmpty" classname="net.opentsdb.tree.TestTreeRule" time="0.021"/>
  <testcase name="serialize" classname="net.opentsdb.tree.TestTreeRule" time="0.017"/>
  <testcase name="storeRule" classname="net.opentsdb.tree.TestTreeRule" time="0.058"/>
  <testcase name="storeRuleMege" classname="net.opentsdb.tree.TestTreeRule" time="0.023"/>
  <testcase name="storeRuleBadID0" classname="net.opentsdb.tree.TestTreeRule" time="0.014"/>
  <testcase name="storeRuleBadID65536" classname="net.opentsdb.tree.TestTreeRule" time="0.012"/>
  <testcase name="storeRuleNoChanges" classname="net.opentsdb.tree.TestTreeRule" time="0.017"/>
  <testcase name="storeRuleInvalidType" classname="net.opentsdb.tree.TestTreeRule" time="0.014"/>
  <testcase name="storeRuleInvalidMissingFieldTagk" classname="net.opentsdb.tree.TestTreeRule" time="0.012"/>
  <testcase name="storeRuleInvalidMissingFieldTagkCustom" classname="net.opentsdb.tree.TestTreeRule" time="0.016"/>
  <testcase name="storeRuleInvalidMissingFieldTagvCustom" classname="net.opentsdb.tree.TestTreeRule" time="0.011"/>
  <testcase name="storeRuleInvalidMissingFieldMetricCustom" classname="net.opentsdb.tree.TestTreeRule" time="0.026"/>
  <testcase name="storeRuleInvalidMissingCustomFieldTagkCustom" classname="net.opentsdb.tree.TestTreeRule" time="0.017"/>
  <testcase name="storeRuleInvalidMissingCustomFieldTagvCustom" classname="net.opentsdb.tree.TestTreeRule" time="0.011"/>
  <testcase name="storeRuleInvalidMissingCustomFieldMetricCustom" classname="net.opentsdb.tree.TestTreeRule" time="0.011"/>
  <testcase name="storeRuleInvalidRegexIdx" classname="net.opentsdb.tree.TestTreeRule" time="0.017"/>
  <testcase name="deleteRule" classname="net.opentsdb.tree.TestTreeRule" time="0.02"/>
  <testcase name="deleteAllRules" classname="net.opentsdb.tree.TestTreeRule" time="0.023"/>
  <testcase name="RULE_PREFIX" classname="net.opentsdb.tree.TestTreeRule" time="0.006"/>
  <testcase name="getQualifier" classname="net.opentsdb.tree.TestTreeRule" time="0.013"/>
</testsuite>