<?xml version="1.0" encoding="UTF-8"?>
<testsuite name="net.opentsdb.tree.TestBranch" time="2.375" tests="49" errors="0" skipped="0" failures="0">
  <properties>
[...]
</properties>
  <testcase name="addChild" classname="net.opentsdb.tree.TestBranch" time="0.103"/>
  <testcase name="compareToGreater" classname="net.opentsdb.tree.TestBranch" time="0.019"/>
  <testcase name="getBranchIdRoot" classname="net.opentsdb.tree.TestBranch" time="0.042"/>
  <testcase name="getBranchIdChild" classname="net.opentsdb.tree.TestBranch" time="0.008"/>
  <testcase name="addChildNoLocalBranches" classname="net.opentsdb.tree.TestBranch" time="0.012"/>
  <testcase name="addChildNoChanges" classname="net.opentsdb.tree.TestBranch" time="0.011"/>
  <testcase name="addLeafExists" classname="net.opentsdb.tree.TestBranch" time="0.009"/>
  <testcase name="testHashCode" classname="net.opentsdb.tree.TestBranch" time="0.018"/>
  <testcase name="testEquals" classname="net.opentsdb.tree.TestBranch" time="0.011"/>
  <testcase name="equalsSameAddress" classname="net.opentsdb.tree.TestBranch" time="0.008"/>
  <testcase name="equalsNull" classname="net.opentsdb.tree.TestBranch" time="0.013"/>
  <testcase name="equalsWrongClass" classname="net.opentsdb.tree.TestBranch" time="0.009"/>
  <testcase name="compareToLess" classname="net.opentsdb.tree.TestBranch" time="0.016"/>
  <testcase name="addLeafCollision" classname="net.opentsdb.tree.TestBranch" time="0.033"/>
  <testcase name="addChildNull" classname="net.opentsdb.tree.TestBranch" time="0.008"/>
  <testcase name="addLeaf" classname="net.opentsdb.tree.TestBranch" time="0.013"/>
  <testcase name="addLeafNull" classname="net.opentsdb.tree.TestBranch" time="0.024"/>
  <testcase name="compileBranchId" classname="net.opentsdb.tree.TestBranch" time="0.023"/>
  <testcase name="compileBranchIdChild" classname="net.opentsdb.tree.TestBranch" time="0.013"/>
  <testcase name="compileBranchIdEmptyDisplayName" classname="net.opentsdb.tree.TestBranch" time="0.013"/>
  <testcase name="compileBranchIdInvalidId" classname="net.opentsdb.tree.TestBranch" time="0.011"/>
  <testcase name="fetchBranch" classname="net.opentsdb.tree.TestBranch" time="1.492"/>
  <testcase name="fetchBranchNSU" classname="net.opentsdb.tree.TestBranch" time="0.064"/>
  <testcase name="fetchBranchNotFound" classname="net.opentsdb.tree.TestBranch" time="0.027"/>
  <testcase name="fetchBranchOnly" classname="net.opentsdb.tree.TestBranch" time="0.026"/>
  <testcase name="fetchBranchOnlyNotFound" classname="net.opentsdb.tree.TestBranch" time="0.031"/>
  <testcase name="storeBranch" classname="net.opentsdb.tree.TestBranch" time="0.042"/>
  <testcase name="storeBranchMissingTreeID" classname="net.opentsdb.tree.TestBranch" time="0.013"/>
  <testcase name="storeBranchTreeID0" classname="net.opentsdb.tree.TestBranch" time="0.011"/>
  <testcase name="storeBranchTreeID65536" classname="net.opentsdb.tree.TestBranch" time="0.026"/>
  <testcase name="storeBranchExistingLeaf" classname="net.opentsdb.tree.TestBranch" time="0.025"/>
  <testcase name="storeBranchCollision" classname="net.opentsdb.tree.TestBranch" time="0.029"/>
  <testcase name="idToString" classname="net.opentsdb.tree.TestBranch" time="0.009"/>
  <testcase name="idToStringZeroes" classname="net.opentsdb.tree.TestBranch" time="0.012"/>
  <testcase name="idToStringNull" classname="net.opentsdb.tree.TestBranch" time="0.009"/>
  <testcase name="stringToId" classname="net.opentsdb.tree.TestBranch" time="0.011"/>
  <testcase name="stringToIdZeros" classname="net.opentsdb.tree.TestBranch" time="0.012"/>
  <testcase name="stringToIdZerosPadding" classname="net.opentsdb.tree.TestBranch" time="0.008"/>
  <testcase name="stringToIdCase" classname="net.opentsdb.tree.TestBranch" time="0.013"/>
  <testcase name="stringToIdNull" classname="net.opentsdb.tree.TestBranch" time="0.008"/>
  <testcase name="stringToIdEmpty" classname="net.opentsdb.tree.TestBranch" time="0.015"/>
  <testcase name="stringToIdTooShort" classname="net.opentsdb.tree.TestBranch" time="0.011"/>
  <testcase name="stringToIdNotHex" classname="net.opentsdb.tree.TestBranch" time="0.009"/>
  <testcase name="BRANCH_QUALIFIER" classname="net.opentsdb.tree.TestBranch" time="0.006"/>
  <testcase name="prependParentPath" classname="net.opentsdb.tree.TestBranch" time="0.006"/>
  <testcase name="prependParentPathEmpty" classname="net.opentsdb.tree.TestBranch" time="0.005"/>
  <testcase name="prependParentPathNull" classname="net.opentsdb.tree.TestBranch" time="0.015"/>
  <testcase name="compareTo" classname="net.opentsdb.tree.TestBranch" time="0.01"/>
  <testcase name="copyConstructor" classname="net.opentsdb.tree.TestBranch" time="0.013"/>
</testsuite>