<?xml version="1.0" encoding="UTF-8"?>
<testsuite name="net.opentsdb.utils.TestJSON" time="0.431" tests="46" errors="0" skipped="0" failures="0">
  <properties>
[...]
</properties>
  <testcase name="parseToStreamUTFString" classname="net.opentsdb.utils.TestJSON" time="0.244"/>
  <testcase name="parseToObjectByteTypeBad" classname="net.opentsdb.utils.TestJSON" time="0.079"/>
  <testcase name="parseToObjectStringUTFString" classname="net.opentsdb.utils.TestJSON" time="0.029"/>
  <testcase name="serializeToJSONPBytesNullData" classname="net.opentsdb.utils.TestJSON" time="0"/>
  <testcase name="parseToStreamStringNull" classname="net.opentsdb.utils.TestJSON" time="0"/>
  <testcase name="serializeToJSONPBytesEmptyCB" classname="net.opentsdb.utils.TestJSON" time="0.004"/>
  <testcase name="getFactoryNotNull" classname="net.opentsdb.utils.TestJSON" time="0"/>
  <testcase name="parseToObjectStringBad" classname="net.opentsdb.utils.TestJSON" time="0.001"/>
  <testcase name="parseToObjectStringBadMap" classname="net.opentsdb.utils.TestJSON" time="0.013"/>
  <testcase name="parseToStreamByteNull" classname="net.opentsdb.utils.TestJSON" time="0.004"/>
  <testcase name="serializeToJSONStringEmptyCB" classname="net.opentsdb.utils.TestJSON" time="0"/>
  <testcase name="parseToStreamStreamNull" classname="net.opentsdb.utils.TestJSON" time="0.001"/>
  <testcase name="parseToObjectStringTypeEmpty" classname="net.opentsdb.utils.TestJSON" time="0"/>
  <testcase name="serializeToStringNull" classname="net.opentsdb.utils.TestJSON" time="0"/>
  <testcase name="parseToStreamASCIIByte" classname="net.opentsdb.utils.TestJSON" time="0"/>
  <testcase name="getMapperNotNull" classname="net.opentsdb.utils.TestJSON" time="0"/>
  <testcase name="serializeToBytes" classname="net.opentsdb.utils.TestJSON" time="0.037"/>
  <testcase name="mapperAllowNonNumerics" classname="net.opentsdb.utils.TestJSON" time="0"/>
  <testcase name="parseToObjectStringNull" classname="net.opentsdb.utils.TestJSON" time="0"/>
  <testcase name="serializeToJSONStringNullData" classname="net.opentsdb.utils.TestJSON" time="0.001"/>
  <testcase name="parseToObjectByteBad" classname="net.opentsdb.utils.TestJSON" time="0.001"/>
  <testcase name="parseToObjectStringTypeAsciiString" classname="net.opentsdb.utils.TestJSON" time="0"/>
  <testcase name="serializeToJSONPBytes" classname="net.opentsdb.utils.TestJSON" time="0.005"/>
  <testcase name="serializeToString" classname="net.opentsdb.utils.TestJSON" time="0.001"/>
  <testcase name="serializeToJSONString" classname="net.opentsdb.utils.TestJSON" time="0"/>
  <testcase name="parseToObjectStringTypeBadMap" classname="net.opentsdb.utils.TestJSON" time="0.002"/>
  <testcase name="parseToObjectByteNull" classname="net.opentsdb.utils.TestJSON" time="0.001"/>
  <testcase name="parseToObjectByteTypeNull" classname="net.opentsdb.utils.TestJSON" time="0"/>
  <testcase name="serializeToJSONPBytesNullCB" classname="net.opentsdb.utils.TestJSON" time="0"/>
  <testcase name="parseToStreamStringEmpty" classname="net.opentsdb.utils.TestJSON" time="0"/>
  <testcase name="parseToObjectByteBadMap" classname="net.opentsdb.utils.TestJSON" time="0.001"/>
  <testcase name="parseToStreamStringUnfinished" classname="net.opentsdb.utils.TestJSON" time="0"/>
  <testcase name="parseToStreamASCIIStream" classname="net.opentsdb.utils.TestJSON" time="0"/>
  <testcase name="parseToStreamASCIIString" classname="net.opentsdb.utils.TestJSON" time="0.001"/>
  <testcase name="parseToObjectStringAsciiString" classname="net.opentsdb.utils.TestJSON" time="0"/>
  <testcase name="parseToObjectStringTypeBad" classname="net.opentsdb.utils.TestJSON" time="0"/>
  <testcase name="serializeToBytesNull" classname="net.opentsdb.utils.TestJSON" time="0"/>
  <testcase name="parseToObjectByteTypeBadMap" classname="net.opentsdb.utils.TestJSON" time="0"/>
  <testcase name="parseToObjectStringTypeUTFString" classname="net.opentsdb.utils.TestJSON" time="0"/>
  <testcase name="parseToObjectStringEmpty" classname="net.opentsdb.utils.TestJSON" time="0"/>
  <testcase name="parseToObjectByteString" classname="net.opentsdb.utils.TestJSON" time="0"/>
  <testcase name="parseToObjectStringTypeNull" classname="net.opentsdb.utils.TestJSON" time="0.001"/>
  <testcase name="parseToObjectByteTypeString" classname="net.opentsdb.utils.TestJSON" time="0.005"/>
  <testcase name="parseToStreamUTFSStream" classname="net.opentsdb.utils.TestJSON" time="0"/>
  <testcase name="parseToStreamUTFSByte" classname="net.opentsdb.utils.TestJSON" time="0"/>
  <testcase name="serializeToJSONStringNullCB" classname="net.opentsdb.utils.TestJSON" time="0"/>
</testsuite>