<?xml version="1.0" encoding="UTF-8"?>
<testsuite name="net.opentsdb.core.TestTSDB" time="9.321" tests="67" errors="0" skipped="0" failures="0">
  <properties>
[...]
</properties>
  <testcase name="initializePluginsDefaults" classname="net.opentsdb.core.TestTSDB" time="0.807"/>
  <testcase name="initializePluginsPathSet" classname="net.opentsdb.core.TestTSDB" time="0.492"/>
  <testcase name="initializePluginsPathBad" classname="net.opentsdb.core.TestTSDB" time="0.415"/>
  <testcase name="getClient" classname="net.opentsdb.core.TestTSDB" time="0.171"/>
  <testcase name="initializePluginsSearch" classname="net.opentsdb.core.TestTSDB" time="0.186"/>
  <testcase name="initializePluginsSearchNotFound" classname="net.opentsdb.core.TestTSDB" time="0.135"/>
  <testcase name="getConfig" classname="net.opentsdb.core.TestTSDB" time="0.11"/>
  <testcase name="getUidNameMetric" classname="net.opentsdb.core.TestTSDB" time="0.124"/>
  <testcase name="getUidNameTagk" classname="net.opentsdb.core.TestTSDB" time="0.156"/>
  <testcase name="getUidNameTagv" classname="net.opentsdb.core.TestTSDB" time="0.171"/>
  <testcase name="getUidNameMetricNSU" classname="net.opentsdb.core.TestTSDB" time="0.146"/>
  <testcase name="getUidNameTagkNSU" classname="net.opentsdb.core.TestTSDB" time="0.103"/>
  <testcase name="getUidNameTagvNSU" classname="net.opentsdb.core.TestTSDB" time="0.105"/>
  <testcase name="getUidNameNullType" classname="net.opentsdb.core.TestTSDB" time="0.123"/>
  <testcase name="getUidNameNullUID" classname="net.opentsdb.core.TestTSDB" time="0.099"/>
  <testcase name="getUIDMetric" classname="net.opentsdb.core.TestTSDB" time="0.14"/>
  <testcase name="getUIDTagk" classname="net.opentsdb.core.TestTSDB" time="0.1"/>
  <testcase name="getUIDTagv" classname="net.opentsdb.core.TestTSDB" time="0.111"/>
  <testcase name="getUIDMetricNSU" classname="net.opentsdb.core.TestTSDB" time="0.103"/>
  <testcase name="getUIDTagkNSU" classname="net.opentsdb.core.TestTSDB" time="0.102"/>
  <testcase name="getUIDTagvNSU" classname="net.opentsdb.core.TestTSDB" time="0.119"/>
  <testcase name="getUIDNullType" classname="net.opentsdb.core.TestTSDB" time="0.1"/>
  <testcase name="getUIDNullName" classname="net.opentsdb.core.TestTSDB" time="0.102"/>
  <testcase name="getUIDEmptyName" classname="net.opentsdb.core.TestTSDB" time="0.102"/>
  <testcase name="assignUidMetric" classname="net.opentsdb.core.TestTSDB" time="0.101"/>
  <testcase name="assignUidMetricExists" classname="net.opentsdb.core.TestTSDB" time="0.12"/>
  <testcase name="assignUidTagk" classname="net.opentsdb.core.TestTSDB" time="0.099"/>
  <testcase name="assignUidTagkExists" classname="net.opentsdb.core.TestTSDB" time="0.101"/>
  <testcase name="assignUidTagv" classname="net.opentsdb.core.TestTSDB" time="0.098"/>
  <testcase name="assignUidTagvExists" classname="net.opentsdb.core.TestTSDB" time="0.102"/>
  <testcase name="assignUidBadType" classname="net.opentsdb.core.TestTSDB" time="0.107"/>
  <testcase name="assignUidNullType" classname="net.opentsdb.core.TestTSDB" time="0.097"/>
  <testcase name="assignUidNullName" classname="net.opentsdb.core.TestTSDB" time="0.202"/>
  <testcase name="assignUidInvalidCharacter" classname="net.opentsdb.core.TestTSDB" time="0.102"/>
  <testcase name="uidTable" classname="net.opentsdb.core.TestTSDB" time="0.1"/>
  <testcase name="addPointLong1Byte" classname="net.opentsdb.core.TestTSDB" time="0.177"/>
  <testcase name="addPointLong1ByteNegative" classname="net.opentsdb.core.TestTSDB" time="0.108"/>
  <testcase name="addPointLong2Bytes" classname="net.opentsdb.core.TestTSDB" time="0.099"/>
  <testcase name="addPointLong2BytesNegative" classname="net.opentsdb.core.TestTSDB" time="0.118"/>
  <testcase name="addPointLong4Bytes" classname="net.opentsdb.core.TestTSDB" time="0.142"/>
  <testcase name="addPointLong4BytesNegative" classname="net.opentsdb.core.TestTSDB" time="0.107"/>
  <testcase name="addPointLong8Bytes" classname="net.opentsdb.core.TestTSDB" time="0.106"/>
  <testcase name="addPointLong8BytesNegative" classname="net.opentsdb.core.TestTSDB" time="0.098"/>
  <testcase name="addPointLongMs" classname="net.opentsdb.core.TestTSDB" time="0.109"/>
  <testcase name="addPointLongMany" classname="net.opentsdb.core.TestTSDB" time="0.181"/>
  <testcase name="addPointLongManyMs" classname="net.opentsdb.core.TestTSDB" time="0.189"/>
  <testcase name="addPointLongEndOfRow" classname="net.opentsdb.core.TestTSDB" time="0.098"/>
  <testcase name="addPointLongOverwrite" classname="net.opentsdb.core.TestTSDB" time="0.099"/>
  <testcase name="addPointNoAutoMetric" classname="net.opentsdb.core.TestTSDB" time="0.094"/>
  <testcase name="addPointSecondZero" classname="net.opentsdb.core.TestTSDB" time="0.106"/>
  <testcase name="addPointSecondOne" classname="net.opentsdb.core.TestTSDB" time="0.114"/>
  <testcase name="addPointSecond2106" classname="net.opentsdb.core.TestTSDB" time="0.104"/>
  <testcase name="addPointSecondNegative" classname="net.opentsdb.core.TestTSDB" time="0.099"/>
  <testcase name="addPointMS1970" classname="net.opentsdb.core.TestTSDB" time="0.105"/>
  <testcase name="addPointMS2106" classname="net.opentsdb.core.TestTSDB" time="0.112"/>
  <testcase name="addPointMS2286" classname="net.opentsdb.core.TestTSDB" time="0.115"/>
  <testcase name="addPointMSTooLarge" classname="net.opentsdb.core.TestTSDB" time="0.097"/>
  <testcase name="addPointMSNegative" classname="net.opentsdb.core.TestTSDB" time="0.099"/>
  <testcase name="addPointFloat" classname="net.opentsdb.core.TestTSDB" time="0.1"/>
  <testcase name="addPointFloatNegative" classname="net.opentsdb.core.TestTSDB" time="0.143"/>
  <testcase name="addPointFloatMs" classname="net.opentsdb.core.TestTSDB" time="0.132"/>
  <testcase name="addPointFloatEndOfRow" classname="net.opentsdb.core.TestTSDB" time="0.136"/>
  <testcase name="addPointFloatPrecision" classname="net.opentsdb.core.TestTSDB" time="0.136"/>
  <testcase name="addPointFloatOverwrite" classname="net.opentsdb.core.TestTSDB" time="0.103"/>
  <testcase name="addPointBothSameTimeIntAndFloat" classname="net.opentsdb.core.TestTSDB" time="0.132"/>
  <testcase name="addPointBothSameTimeIntAndFloatMs" classname="net.opentsdb.core.TestTSDB" time="0.105"/>
  <testcase name="addPointBothSameTimeSecondAndMs" classname="net.opentsdb.core.TestTSDB" time="0.107"/>
</testsuite>