<?xml version="1.0" encoding="UTF-8"?>
<testsuite name="net.opentsdb.meta.TestAnnotation" time="5.858" tests="33" errors="0" skipped="0" failures="0">
  <properties>
[...]
</properties>
  <testcase name="deserialize" classname="net.opentsdb.meta.TestAnnotation" time="1.543"/>
  <testcase name="getAnnotationNormalizeMs" classname="net.opentsdb.meta.TestAnnotation" time="0.487"/>
  <testcase name="getAnnotationGlobal" classname="net.opentsdb.meta.TestAnnotation" time="0.187"/>
  <testcase name="getAnnotationNotFound" classname="net.opentsdb.meta.TestAnnotation" time="0.18"/>
  <testcase name="getAnnotationGlobalNotFound" classname="net.opentsdb.meta.TestAnnotation" time="0.116"/>
  <testcase name="getAnnotationNoStartTime" classname="net.opentsdb.meta.TestAnnotation" time="0.111"/>
  <testcase name="getGlobalAnnotations" classname="net.opentsdb.meta.TestAnnotation" time="0.286"/>
  <testcase name="serialize" classname="net.opentsdb.meta.TestAnnotation" time="0.186"/>
  <testcase name="getGlobalAnnotationsEmpty" classname="net.opentsdb.meta.TestAnnotation" time="0.111"/>
  <testcase name="getGlobalAnnotationsZeroEndtime" classname="net.opentsdb.meta.TestAnnotation" time="0.201"/>
  <testcase name="getGlobalAnnotationsEndLessThanStart" classname="net.opentsdb.meta.TestAnnotation" time="0.1"/>
  <testcase name="syncToStorage" classname="net.opentsdb.meta.TestAnnotation" time="0.119"/>
  <testcase name="syncToStorageMilliseconds" classname="net.opentsdb.meta.TestAnnotation" time="0.109"/>
  <testcase name="syncToStorageGlobal" classname="net.opentsdb.meta.TestAnnotation" time="0.106"/>
  <testcase name="deleteGlobal" classname="net.opentsdb.meta.TestAnnotation" time="0.1"/>
  <testcase name="constructor" classname="net.opentsdb.meta.TestAnnotation" time="0.139"/>
  <testcase name="syncToStorageGlobalMilliseconds" classname="net.opentsdb.meta.TestAnnotation" time="0.102"/>
  <testcase name="syncToStorageMissingStart" classname="net.opentsdb.meta.TestAnnotation" time="0.095"/>
  <testcase name="syncToStorageNoChanges" classname="net.opentsdb.meta.TestAnnotation" time="0.104"/>
  <testcase name="deleteNormalizeMs" classname="net.opentsdb.meta.TestAnnotation" time="0.102"/>
  <testcase name="deleteNotFound" classname="net.opentsdb.meta.TestAnnotation" time="0.097"/>
  <testcase name="deleteMissingStart" classname="net.opentsdb.meta.TestAnnotation" time="0.098"/>
  <testcase name="deleteGlobalNotFound" classname="net.opentsdb.meta.TestAnnotation" time="0.1"/>
  <testcase name="deleteRange" classname="net.opentsdb.meta.TestAnnotation" time="0.113"/>
  <testcase name="deleteRangeNone" classname="net.opentsdb.meta.TestAnnotation" time="0.108"/>
  <testcase name="deleteRangeMultiple" classname="net.opentsdb.meta.TestAnnotation" time="0.11"/>
  <testcase name="deleteRangeGlobal" classname="net.opentsdb.meta.TestAnnotation" time="0.111"/>
  <testcase name="deleteRangeGlobalNone" classname="net.opentsdb.meta.TestAnnotation" time="0.125"/>
  <testcase name="deleteRangeGlobalMultiple" classname="net.opentsdb.meta.TestAnnotation" time="0.111"/>
  <testcase name="deleteRangeEmptyEnd" classname="net.opentsdb.meta.TestAnnotation" time="0.096"/>
  <testcase name="deleteRangeEndLessThanStart" classname="net.opentsdb.meta.TestAnnotation" time="0.095"/>
  <testcase name="getAnnotation" classname="net.opentsdb.meta.TestAnnotation" time="0.109"/>
  <testcase name="delete" classname="net.opentsdb.meta.TestAnnotation" time="0.101"/>
</testsuite>