<?xml version="1.0" encoding="UTF-8"?>
<testsuite name="net.opentsdb.tree.TestTreeBuilder" time="4.98" tests="32" errors="0" skipped="0" failures="0">
  <properties>
[...]
</properties>
  <testcase name="processTimeseriesMetaDefaults" classname="net.opentsdb.tree.TestTreeBuilder" time="1.756"/>
  <testcase name="processTimeseriesMetaNewRoot" classname="net.opentsdb.tree.TestTreeBuilder" time="0.424"/>
  <testcase name="processTimeseriesMetaMiddleNonMatchedRules" classname="net.opentsdb.tree.TestTreeBuilder" time="0.182"/>
  <testcase name="processTimeseriesMetaEndNonMatchedRules" classname="net.opentsdb.tree.TestTreeBuilder" time="0.168"/>
  <testcase name="processTimeseriesMetaNullMeta" classname="net.opentsdb.tree.TestTreeBuilder" time="0.02"/>
  <testcase name="processTimeseriesMetaNullMetaMetric" classname="net.opentsdb.tree.TestTreeBuilder" time="0.031"/>
  <testcase name="processTimeseriesMetaNullMetaTags" classname="net.opentsdb.tree.TestTreeBuilder" time="0.012"/>
  <testcase name="processTimeseriesMetaNullMetaOddNumTags" classname="net.opentsdb.tree.TestTreeBuilder" time="0.104"/>
  <testcase name="processTimeseriesMetaTesting" classname="net.opentsdb.tree.TestTreeBuilder" time="0.057"/>
  <testcase name="processTimeseriesMetaStrict" classname="net.opentsdb.tree.TestTreeBuilder" time="0.18"/>
  <testcase name="processTimeseriesMetaStrictNoMatch" classname="net.opentsdb.tree.TestTreeBuilder" time="0.033"/>
  <testcase name="processTimeseriesMetaNoSplit" classname="net.opentsdb.tree.TestTreeBuilder" time="0.1"/>
  <testcase name="processTimeseriesMetBadSeparator" classname="net.opentsdb.tree.TestTreeBuilder" time="0.086"/>
  <testcase name="processTimeseriesMetaInvalidRegexIdx" classname="net.opentsdb.tree.TestTreeBuilder" time="0.131"/>
  <testcase name="processTimeseriesMetaMetricCustom" classname="net.opentsdb.tree.TestTreeBuilder" time="0.103"/>
  <testcase name="processTimeseriesMetaMetricCustomNullValue" classname="net.opentsdb.tree.TestTreeBuilder" time="0.013"/>
  <testcase name="processTimeseriesMetaMetricCustomEmptyValue" classname="net.opentsdb.tree.TestTreeBuilder" time="0.139"/>
  <testcase name="processTimeseriesMetaTagkCustom" classname="net.opentsdb.tree.TestTreeBuilder" time="0.101"/>
  <testcase name="processTimeseriesMetaTagkCustomNull" classname="net.opentsdb.tree.TestTreeBuilder" time="0.012"/>
  <testcase name="processTimeseriesMetaTagkCustomEmptyValue" classname="net.opentsdb.tree.TestTreeBuilder" time="0.113"/>
  <testcase name="processTimeseriesMetaTagkCustomNoField" classname="net.opentsdb.tree.TestTreeBuilder" time="0.162"/>
  <testcase name="processTimeseriesMetaTagvCustom" classname="net.opentsdb.tree.TestTreeBuilder" time="0.097"/>
  <testcase name="processTimeseriesMetaTagvCustomNullValue" classname="net.opentsdb.tree.TestTreeBuilder" time="0.018"/>
  <testcase name="processTimeseriesMetaTagvCustomEmptyValue" classname="net.opentsdb.tree.TestTreeBuilder" time="0.098"/>
  <testcase name="processTimeseriesMetaTagvCustomNoField" classname="net.opentsdb.tree.TestTreeBuilder" time="0.112"/>
  <testcase name="processTimeseriesMetaFormatOvalue" classname="net.opentsdb.tree.TestTreeBuilder" time="0.124"/>
  <testcase name="processTimeseriesMetaFormatValue" classname="net.opentsdb.tree.TestTreeBuilder" time="0.103"/>
  <testcase name="processTimeseriesMetaFormatTSUID" classname="net.opentsdb.tree.TestTreeBuilder" time="0.104"/>
  <testcase name="processTimeseriesMetaFormatTagName" classname="net.opentsdb.tree.TestTreeBuilder" time="0.098"/>
  <testcase name="processTimeseriesMetaFormatMulti" classname="net.opentsdb.tree.TestTreeBuilder" time="0.099"/>
  <testcase name="processTimeseriesMetaFormatBadType" classname="net.opentsdb.tree.TestTreeBuilder" time="0.079"/>
  <testcase name="processTimeseriesMetaFormatOverride" classname="net.opentsdb.tree.TestTreeBuilder" time="0.121"/>
</testsuite>