<?xml version="1.0" encoding="UTF-8"?>
<testsuite name="net.opentsdb.core.TestTags" time="4.516" tests="69" errors="0" skipped="0" failures="0">
  <properties>
[...]
</properties>
  <testcase name="resolveOrCreateTagkNotAllowedBlocked" classname="net.opentsdb.core.TestTags" time="1.249"/>
  <testcase name="resolveOrCreateTagvAllowed" classname="net.opentsdb.core.TestTags" time="0.657"/>
  <testcase name="resolveOrCreateTagvNotAllowedGood" classname="net.opentsdb.core.TestTags" time="0.225"/>
  <testcase name="resolveOrCreateTagvNotAllowedBlocked" classname="net.opentsdb.core.TestTags" time="0.168"/>
  <testcase name="parseWithMetricWTags" classname="net.opentsdb.core.TestTags" time="0.01"/>
  <testcase name="parseWithMetricMetricOnly" classname="net.opentsdb.core.TestTags" time="0.009"/>
  <testcase name="parseWithMetricMetricEmptyCurlies" classname="net.opentsdb.core.TestTags" time="0.008"/>
  <testcase name="parseWithMetricNullMetric" classname="net.opentsdb.core.TestTags" time="0.013"/>
  <testcase name="parseWithMetricNullTagv" classname="net.opentsdb.core.TestTags" time="0.009"/>
  <testcase name="parseWithMetricWTag" classname="net.opentsdb.core.TestTags" time="0.015"/>
  <testcase name="parseWithMetricNullTagk" classname="net.opentsdb.core.TestTags" time="0.015"/>
  <testcase name="parseWithMetricNullTagv2" classname="net.opentsdb.core.TestTags" time="0.013"/>
  <testcase name="parseWithMetricNullTagk2" classname="net.opentsdb.core.TestTags" time="0.023"/>
  <testcase name="parseWithMetricNullTagv3" classname="net.opentsdb.core.TestTags" time="0.013"/>
  <testcase name="parseWithMetricNullTagk3" classname="net.opentsdb.core.TestTags" time="0.008"/>
  <testcase name="parseWithMetricNull" classname="net.opentsdb.core.TestTags" time="0.009"/>
  <testcase name="parseWithMetricEmpty" classname="net.opentsdb.core.TestTags" time="0.008"/>
  <testcase name="parseWithMetricMissingClosingCurly" classname="net.opentsdb.core.TestTags" time="0.013"/>
  <testcase name="parseWithMetricMissingOpeningCurly" classname="net.opentsdb.core.TestTags" time="0.016"/>
  <testcase name="parseWithMetricMissingEquals" classname="net.opentsdb.core.TestTags" time="0.016"/>
  <testcase name="parseWithMetricMissingComma" classname="net.opentsdb.core.TestTags" time="0.023"/>
  <testcase name="parseWithMetricTrailingComma" classname="net.opentsdb.core.TestTags" time="0.023"/>
  <testcase name="parseWithMetricForwardComma" classname="net.opentsdb.core.TestTags" time="0.013"/>
  <testcase name="parseWithMetricListMetricOnly" classname="net.opentsdb.core.TestTags" time="0.014"/>
  <testcase name="parseWithMetricListMetricEmptyCurlies" classname="net.opentsdb.core.TestTags" time="0.007"/>
  <testcase name="parseWithMetricListNullMetric" classname="net.opentsdb.core.TestTags" time="0.01"/>
  <testcase name="parseWithMetricListNullTagv" classname="net.opentsdb.core.TestTags" time="0.007"/>
  <testcase name="parseWithMetricListNullTagk" classname="net.opentsdb.core.TestTags" time="0.007"/>
  <testcase name="parseWithMetricListWTag" classname="net.opentsdb.core.TestTags" time="0.007"/>
  <testcase name="parseWithMetricListNullTagv2" classname="net.opentsdb.core.TestTags" time="0.009"/>
  <testcase name="parseWithMetricListNullTagk2" classname="net.opentsdb.core.TestTags" time="0.015"/>
  <testcase name="parseWithMetricListNullTagv3" classname="net.opentsdb.core.TestTags" time="0.023"/>
  <testcase name="parseWithMetricListNullTagk3" classname="net.opentsdb.core.TestTags" time="0.017"/>
  <testcase name="parseWithMetricListNull" classname="net.opentsdb.core.TestTags" time="0.012"/>
  <testcase name="parseWithMetricListEmpty" classname="net.opentsdb.core.TestTags" time="0.016"/>
  <testcase name="parseWithMetricListMissingClosingCurly" classname="net.opentsdb.core.TestTags" time="0.011"/>
  <testcase name="parseWithMetricListMissingOpeningCurly" classname="net.opentsdb.core.TestTags" time="0.012"/>
  <testcase name="parseWithMetricListMissingEquals" classname="net.opentsdb.core.TestTags" time="0.019"/>
  <testcase name="parseWithMetricListMissingComma" classname="net.opentsdb.core.TestTags" time="0.018"/>
  <testcase name="parseWithMetricListTrailingComma" classname="net.opentsdb.core.TestTags" time="0.014"/>
  <testcase name="parseWithMetricListForwardComma" classname="net.opentsdb.core.TestTags" time="0.017"/>
  <testcase name="parseWithMetricOnlyEquals" classname="net.opentsdb.core.TestTags" time="0.019"/>
  <testcase name="parseSuccessful" classname="net.opentsdb.core.TestTags" time="0.03"/>
  <testcase name="parseNoEqualSign" classname="net.opentsdb.core.TestTags" time="0.03"/>
  <testcase name="parseTooManyEqualSigns" classname="net.opentsdb.core.TestTags" time="0.016"/>
  <testcase name="parseEmptyTagName" classname="net.opentsdb.core.TestTags" time="0.011"/>
  <testcase name="parseEmptyTagValue" classname="net.opentsdb.core.TestTags" time="0.012"/>
  <testcase name="parseDifferentValues" classname="net.opentsdb.core.TestTags" time="0.012"/>
  <testcase name="parseSameValues" classname="net.opentsdb.core.TestTags" time="0.009"/>
  <testcase name="validateGoodString" classname="net.opentsdb.core.TestTags" time="0.009"/>
  <testcase name="validateNullString" classname="net.opentsdb.core.TestTags" time="0.01"/>
  <testcase name="validateBadString" classname="net.opentsdb.core.TestTags" time="0.008"/>
  <testcase name="parseLongSimple" classname="net.opentsdb.core.TestTags" time="0.015"/>
  <testcase name="parseLongMaxValue" classname="net.opentsdb.core.TestTags" time="0.02"/>
  <testcase name="parseLongMinValue" classname="net.opentsdb.core.TestTags" time="0.018"/>
  <testcase name="parseLongEmptyString" classname="net.opentsdb.core.TestTags" time="0.013"/>
  <testcase name="parseLongMalformed" classname="net.opentsdb.core.TestTags" time="0.013"/>
  <testcase name="parseLongMalformedPlus" classname="net.opentsdb.core.TestTags" time="0.011"/>
  <testcase name="parseLongMalformedMinus" classname="net.opentsdb.core.TestTags" time="0.013"/>
  <testcase name="parseLongValueTooLarge" classname="net.opentsdb.core.TestTags" time="0.007"/>
  <testcase name="parseLongValueTooLargeSubtle" classname="net.opentsdb.core.TestTags" time="0.007"/>
  <testcase name="parseLongValueTooSmallSubtle" classname="net.opentsdb.core.TestTags" time="0.008"/>
  <testcase name="resolveIdsAsync" classname="net.opentsdb.core.TestTags" time="0.315"/>
  <testcase name="resolveIdsAsyncNSUI" classname="net.opentsdb.core.TestTags" time="0.193"/>
  <testcase name="resolveIdsAsyncEmptyList" classname="net.opentsdb.core.TestTags" time="0.107"/>
  <testcase name="resolveIdsAsyncWrongLength" classname="net.opentsdb.core.TestTags" time="0.113"/>
  <testcase name="resolveOrCreateAllCreate" classname="net.opentsdb.core.TestTags" time="0.14"/>
  <testcase name="resolveOrCreateTagkAllowed" classname="net.opentsdb.core.TestTags" time="0.321"/>
  <testcase name="resolveOrCreateTagkNotAllowedGood" classname="net.opentsdb.core.TestTags" time="0.245"/>
</testsuite>